[INFO ][06-Jul-2024 14:10:20 pm] SeleniumWrapper.openBrowser:(278) - Opening chrome browser.
[INFO ][06-Jul-2024 14:10:30 pm] SeleniumWrapper.enterURL:(33) - Entering url :https://demo.kapturekm.com/ksearch
[INFO ][06-Jul-2024 14:10:31 pm] ApplicationWrapper.launchURL:(12) - Application launched successfully
[INFO ][06-Jul-2024 14:10:36 pm] Search_POM.verifyScreen:(61) - Ask a Question: Screen is displayed successfully
[INFO ][06-Jul-2024 14:10:40 pm] Search_POM.verifyFields:(167) - First name : field is displayed in Ask a Question Screen
[INFO ][06-Jul-2024 14:10:43 pm] Search_POM.verifyFields:(167) - Last name : field is displayed in Ask a Question Screen
[INFO ][06-Jul-2024 14:10:46 pm] Search_POM.verifyFields:(167) - Email address : field is displayed in Ask a Question Screen
[INFO ][06-Jul-2024 14:10:49 pm] Search_POM.verifyFields:(167) - Subject : field is displayed in Ask a Question Screen
[INFO ][06-Jul-2024 14:10:54 pm] Search_POM.verifyFields:(167) - Question : field is displayed in Ask a Question Screen
[INFO ][06-Jul-2024 14:10:58 pm] Search_POM.verifyFields:(167) - Account : field is displayed in Ask a Question Screen
[INFO ][06-Jul-2024 14:11:01 pm] Search_POM.verifyButton:(95) - Choose File : button is displayed in Ask a Question Screen
[INFO ][06-Jul-2024 14:11:04 pm] Search_POM.verifyButton:(95) - Submit Your Question : button is displayed in Ask a Question Screen
[INFO ][06-Jul-2024 14:11:12 pm] Search_POM.verifyScreen:(61) - Ask a Question: Screen is displayed successfully
[INFO ][06-Jul-2024 14:11:14 pm] SeleniumWrapper.enterText:(201) - Entering Text :Abhishek in WebElement :[[ChromeDriver: chrome on WINDOWS (862ca12e9ab5db1f596835801427ec87)] -> xpath: //label[text()='First name']//..//input]
[INFO ][06-Jul-2024 14:11:16 pm] Search_POM.enterDataToField:(243) - Data to First name is entered successfully
[INFO ][06-Jul-2024 14:11:18 pm] SeleniumWrapper.enterText:(201) - Entering Text :Lingaraju in WebElement :[[ChromeDriver: chrome on WINDOWS (862ca12e9ab5db1f596835801427ec87)] -> xpath: //label[text()='Last name']//..//input]
[INFO ][06-Jul-2024 14:11:20 pm] Search_POM.enterDataToField:(243) - Data to Last name is entered successfully
[INFO ][06-Jul-2024 14:11:22 pm] SeleniumWrapper.enterText:(201) - Entering Text :abhishekl@softclouds.com in WebElement :[[ChromeDriver: chrome on WINDOWS (862ca12e9ab5db1f596835801427ec87)] -> xpath: //label[text()='Email address']//..//input]
[INFO ][06-Jul-2024 14:11:25 pm] Search_POM.enterDataToField:(243) - Data to Email address is entered successfully
[INFO ][06-Jul-2024 14:11:27 pm] SeleniumWrapper.enterText:(201) - Entering Text :Data crawling_85 in WebElement :[[ChromeDriver: chrome on WINDOWS (862ca12e9ab5db1f596835801427ec87)] -> xpath: //label[text()='Subject ']//..//input]
[INFO ][06-Jul-2024 14:11:29 pm] Search_POM.enterDataToField:(243) - Data to Subject is entered successfully
[INFO ][06-Jul-2024 14:11:33 pm] SeleniumWrapper.enterText:(201) - Entering Text :Data crawling steps from Slack in WebElement :[[ChromeDriver: chrome on WINDOWS (862ca12e9ab5db1f596835801427ec87)] -> xpath: //label[text()='Question ']//..//textarea]
[INFO ][06-Jul-2024 14:11:35 pm] Search_POM.enterDataToField:(243) - Data to Question is entered successfully
[INFO ][06-Jul-2024 14:11:48 pm] Search_POM.verifyPopuptext:(205) - Success popup is displayed with case number : CASE0114
[INFO ][06-Jul-2024 14:12:00 pm] Search_POM.verifyScreen:(61) - Ask a Question: Screen is displayed successfully
[INFO ][06-Jul-2024 14:12:03 pm] SeleniumWrapper.enterText:(201) - Entering Text :Lingaraju in WebElement :[[ChromeDriver: chrome on WINDOWS (862ca12e9ab5db1f596835801427ec87)] -> xpath: //label[text()='Last name']//..//input]
[INFO ][06-Jul-2024 14:12:05 pm] Search_POM.enterDataToField:(243) - Data to Last name is entered successfully
[INFO ][06-Jul-2024 14:12:07 pm] SeleniumWrapper.enterText:(201) - Entering Text :abhishekl@softclouds.com in WebElement :[[ChromeDriver: chrome on WINDOWS (862ca12e9ab5db1f596835801427ec87)] -> xpath: //label[text()='Email address']//..//input]
[INFO ][06-Jul-2024 14:12:09 pm] Search_POM.enterDataToField:(243) - Data to Email address is entered successfully
[INFO ][06-Jul-2024 14:12:11 pm] SeleniumWrapper.enterText:(201) - Entering Text :Data crawling in WebElement :[[ChromeDriver: chrome on WINDOWS (862ca12e9ab5db1f596835801427ec87)] -> xpath: //label[text()='Subject ']//..//input]
[INFO ][06-Jul-2024 14:12:13 pm] Search_POM.enterDataToField:(243) - Data to Subject is entered successfully
[INFO ][06-Jul-2024 14:12:17 pm] SeleniumWrapper.enterText:(201) - Entering Text :Data crawling from Slack in WebElement :[[ChromeDriver: chrome on WINDOWS (862ca12e9ab5db1f596835801427ec87)] -> xpath: //label[text()='Question ']//..//textarea]
[INFO ][06-Jul-2024 14:12:19 pm] Search_POM.enterDataToField:(243) - Data to Question is entered successfully
[INFO ][06-Jul-2024 14:12:29 pm] Search_POM.verifyErrorText:(187) - Error message is displayed with text : Please enter first name
[INFO ][06-Jul-2024 14:12:36 pm] Search_POM.verifyScreen:(61) - Ask a Question: Screen is displayed successfully
[INFO ][06-Jul-2024 14:12:38 pm] SeleniumWrapper.enterText:(201) - Entering Text :Abhishek in WebElement :[[ChromeDriver: chrome on WINDOWS (862ca12e9ab5db1f596835801427ec87)] -> xpath: //label[text()='First name']//..//input]
[INFO ][06-Jul-2024 14:12:40 pm] Search_POM.enterDataToField:(243) - Data to First name is entered successfully
[INFO ][06-Jul-2024 14:12:43 pm] SeleniumWrapper.enterText:(201) - Entering Text :abhishekl@softclouds.com in WebElement :[[ChromeDriver: chrome on WINDOWS (862ca12e9ab5db1f596835801427ec87)] -> xpath: //label[text()='Email address']//..//input]
[INFO ][06-Jul-2024 14:12:45 pm] Search_POM.enterDataToField:(243) - Data to Email address is entered successfully
[INFO ][06-Jul-2024 14:12:47 pm] SeleniumWrapper.enterText:(201) - Entering Text :Data crawling in WebElement :[[ChromeDriver: chrome on WINDOWS (862ca12e9ab5db1f596835801427ec87)] -> xpath: //label[text()='Subject ']//..//input]
[INFO ][06-Jul-2024 14:12:49 pm] Search_POM.enterDataToField:(243) - Data to Subject is entered successfully
[INFO ][06-Jul-2024 14:12:53 pm] SeleniumWrapper.enterText:(201) - Entering Text :Data crawling from Slack in WebElement :[[ChromeDriver: chrome on WINDOWS (862ca12e9ab5db1f596835801427ec87)] -> xpath: //label[text()='Question ']//..//textarea]
[INFO ][06-Jul-2024 14:12:55 pm] Search_POM.enterDataToField:(243) - Data to Question is entered successfully
[INFO ][06-Jul-2024 14:13:05 pm] Search_POM.verifyErrorText:(187) - Error message is displayed with text : Please enter last name
[INFO ][06-Jul-2024 14:13:12 pm] Search_POM.verifyScreen:(61) - Ask a Question: Screen is displayed successfully
[INFO ][06-Jul-2024 14:13:14 pm] SeleniumWrapper.enterText:(201) - Entering Text :Abhishek in WebElement :[[ChromeDriver: chrome on WINDOWS (862ca12e9ab5db1f596835801427ec87)] -> xpath: //label[text()='First name']//..//input]
[INFO ][06-Jul-2024 14:13:16 pm] Search_POM.enterDataToField:(243) - Data to First name is entered successfully
[INFO ][06-Jul-2024 14:13:19 pm] SeleniumWrapper.enterText:(201) - Entering Text :Lingaraju in WebElement :[[ChromeDriver: chrome on WINDOWS (862ca12e9ab5db1f596835801427ec87)] -> xpath: //label[text()='Last name']//..//input]
[INFO ][06-Jul-2024 14:13:21 pm] Search_POM.enterDataToField:(243) - Data to Last name is entered successfully
[INFO ][06-Jul-2024 14:13:23 pm] SeleniumWrapper.enterText:(201) - Entering Text :Data crawling in WebElement :[[ChromeDriver: chrome on WINDOWS (862ca12e9ab5db1f596835801427ec87)] -> xpath: //label[text()='Subject ']//..//input]
[INFO ][06-Jul-2024 14:13:25 pm] Search_POM.enterDataToField:(243) - Data to Subject is entered successfully
[INFO ][06-Jul-2024 14:13:29 pm] SeleniumWrapper.enterText:(201) - Entering Text :Data crawling from Slack in WebElement :[[ChromeDriver: chrome on WINDOWS (862ca12e9ab5db1f596835801427ec87)] -> xpath: //label[text()='Question ']//..//textarea]
[INFO ][06-Jul-2024 14:13:31 pm] Search_POM.enterDataToField:(243) - Data to Question is entered successfully
[INFO ][06-Jul-2024 14:13:41 pm] Search_POM.verifyErrorText:(187) - Error message is displayed with text : Please enter email ID
[INFO ][06-Jul-2024 14:13:48 pm] Search_POM.verifyScreen:(61) - Ask a Question: Screen is displayed successfully
[INFO ][06-Jul-2024 14:13:50 pm] SeleniumWrapper.enterText:(201) - Entering Text :Abhishek in WebElement :[[ChromeDriver: chrome on WINDOWS (862ca12e9ab5db1f596835801427ec87)] -> xpath: //label[text()='First name']//..//input]
[INFO ][06-Jul-2024 14:13:52 pm] Search_POM.enterDataToField:(243) - Data to First name is entered successfully
[INFO ][06-Jul-2024 14:13:54 pm] SeleniumWrapper.enterText:(201) - Entering Text :Lingaraju in WebElement :[[ChromeDriver: chrome on WINDOWS (862ca12e9ab5db1f596835801427ec87)] -> xpath: //label[text()='Last name']//..//input]
[INFO ][06-Jul-2024 14:13:56 pm] Search_POM.enterDataToField:(243) - Data to Last name is entered successfully
[INFO ][06-Jul-2024 14:13:59 pm] SeleniumWrapper.enterText:(201) - Entering Text :abhishekl@softclouds.com in WebElement :[[ChromeDriver: chrome on WINDOWS (862ca12e9ab5db1f596835801427ec87)] -> xpath: //label[text()='Email address']//..//input]
[INFO ][06-Jul-2024 14:14:01 pm] Search_POM.enterDataToField:(243) - Data to Email address is entered successfully
[INFO ][06-Jul-2024 14:14:05 pm] SeleniumWrapper.enterText:(201) - Entering Text :Data crawling from Slack in WebElement :[[ChromeDriver: chrome on WINDOWS (862ca12e9ab5db1f596835801427ec87)] -> xpath: //label[text()='Question ']//..//textarea]
[INFO ][06-Jul-2024 14:14:07 pm] Search_POM.enterDataToField:(243) - Data to Question is entered successfully
[INFO ][06-Jul-2024 14:14:17 pm] Search_POM.verifyFields:(167) - Subject : field is displayed in Ask a Question Screen
[INFO ][06-Jul-2024 14:14:24 pm] Search_POM.verifyScreen:(61) - Ask a Question: Screen is displayed successfully
[INFO ][06-Jul-2024 14:14:26 pm] SeleniumWrapper.enterText:(201) - Entering Text :Abhishek in WebElement :[[ChromeDriver: chrome on WINDOWS (862ca12e9ab5db1f596835801427ec87)] -> xpath: //label[text()='First name']//..//input]
[INFO ][06-Jul-2024 14:14:28 pm] Search_POM.enterDataToField:(243) - Data to First name is entered successfully
[INFO ][06-Jul-2024 14:14:31 pm] SeleniumWrapper.enterText:(201) - Entering Text :Lingaraju in WebElement :[[ChromeDriver: chrome on WINDOWS (862ca12e9ab5db1f596835801427ec87)] -> xpath: //label[text()='Last name']//..//input]
[INFO ][06-Jul-2024 14:14:33 pm] Search_POM.enterDataToField:(243) - Data to Last name is entered successfully
[INFO ][06-Jul-2024 14:14:35 pm] SeleniumWrapper.enterText:(201) - Entering Text :abhishekl@softclouds.com in WebElement :[[ChromeDriver: chrome on WINDOWS (862ca12e9ab5db1f596835801427ec87)] -> xpath: //label[text()='Email address']//..//input]
[INFO ][06-Jul-2024 14:14:37 pm] Search_POM.enterDataToField:(243) - Data to Email address is entered successfully
[INFO ][06-Jul-2024 14:14:39 pm] SeleniumWrapper.enterText:(201) - Entering Text :Data crawling in WebElement :[[ChromeDriver: chrome on WINDOWS (862ca12e9ab5db1f596835801427ec87)] -> xpath: //label[text()='Subject ']//..//input]
[INFO ][06-Jul-2024 14:14:41 pm] Search_POM.enterDataToField:(243) - Data to Subject is entered successfully
[INFO ][06-Jul-2024 14:14:53 pm] Search_POM.verifyErrorText:(187) - Error message is displayed with text : Please enter question
[INFO ][06-Jul-2024 14:15:00 pm] Search_POM.verifyScreen:(61) - Ask a Question: Screen is displayed successfully
[INFO ][06-Jul-2024 14:15:03 pm] SeleniumWrapper.enterText:(201) - Entering Text :Abhishek in WebElement :[[ChromeDriver: chrome on WINDOWS (862ca12e9ab5db1f596835801427ec87)] -> xpath: //label[text()='First name']//..//input]
[INFO ][06-Jul-2024 14:15:05 pm] Search_POM.enterDataToField:(243) - Data to First name is entered successfully
[INFO ][06-Jul-2024 14:15:07 pm] SeleniumWrapper.enterText:(201) - Entering Text :Lingaraju in WebElement :[[ChromeDriver: chrome on WINDOWS (862ca12e9ab5db1f596835801427ec87)] -> xpath: //label[text()='Last name']//..//input]
[INFO ][06-Jul-2024 14:15:09 pm] Search_POM.enterDataToField:(243) - Data to Last name is entered successfully
[INFO ][06-Jul-2024 14:15:11 pm] SeleniumWrapper.enterText:(201) - Entering Text :abhishekl@softclouds.com in WebElement :[[ChromeDriver: chrome on WINDOWS (862ca12e9ab5db1f596835801427ec87)] -> xpath: //label[text()='Email address']//..//input]
[INFO ][06-Jul-2024 14:15:13 pm] Search_POM.enterDataToField:(243) - Data to Email address is entered successfully
[INFO ][06-Jul-2024 14:15:16 pm] SeleniumWrapper.enterText:(201) - Entering Text :Data crawling in WebElement :[[ChromeDriver: chrome on WINDOWS (862ca12e9ab5db1f596835801427ec87)] -> xpath: //label[text()='Subject ']//..//input]
[INFO ][06-Jul-2024 14:15:18 pm] Search_POM.enterDataToField:(243) - Data to Subject is entered successfully
[INFO ][06-Jul-2024 14:15:22 pm] SeleniumWrapper.enterText:(201) - Entering Text :Data crawling from Slack in WebElement :[[ChromeDriver: chrome on WINDOWS (862ca12e9ab5db1f596835801427ec87)] -> xpath: //label[text()='Question ']//..//textarea]
[INFO ][06-Jul-2024 14:15:24 pm] Search_POM.enterDataToField:(243) - Data to Question is entered successfully
[INFO ][06-Jul-2024 14:15:30 pm] Search_POM.verifyErrorText:(187) - Error message is displayed with text : Please choose account
[INFO ][06-Jul-2024 14:15:37 pm] Search_POM.verifyScreen:(61) - Ask a Question: Screen is displayed successfully
[INFO ][06-Jul-2024 14:15:39 pm] SeleniumWrapper.enterText:(201) - Entering Text :@12Abhi in WebElement :[[ChromeDriver: chrome on WINDOWS (862ca12e9ab5db1f596835801427ec87)] -> xpath: //label[text()='First name']//..//input]
[INFO ][06-Jul-2024 14:15:41 pm] Search_POM.enterDataToField:(243) - Data to First name is entered successfully
[INFO ][06-Jul-2024 14:15:44 pm] SeleniumWrapper.enterText:(201) - Entering Text :Lingaraju in WebElement :[[ChromeDriver: chrome on WINDOWS (862ca12e9ab5db1f596835801427ec87)] -> xpath: //label[text()='Last name']//..//input]
[INFO ][06-Jul-2024 14:15:46 pm] Search_POM.enterDataToField:(243) - Data to Last name is entered successfully
[INFO ][06-Jul-2024 14:15:48 pm] SeleniumWrapper.enterText:(201) - Entering Text :abhishekl@softclouds.com in WebElement :[[ChromeDriver: chrome on WINDOWS (862ca12e9ab5db1f596835801427ec87)] -> xpath: //label[text()='Email address']//..//input]
[INFO ][06-Jul-2024 14:15:50 pm] Search_POM.enterDataToField:(243) - Data to Email address is entered successfully
[INFO ][06-Jul-2024 14:15:52 pm] SeleniumWrapper.enterText:(201) - Entering Text :Data crawling in WebElement :[[ChromeDriver: chrome on WINDOWS (862ca12e9ab5db1f596835801427ec87)] -> xpath: //label[text()='Subject ']//..//input]
[INFO ][06-Jul-2024 14:15:55 pm] Search_POM.enterDataToField:(243) - Data to Subject is entered successfully
[INFO ][06-Jul-2024 14:15:59 pm] SeleniumWrapper.enterText:(201) - Entering Text :Data crawling from Slack in WebElement :[[ChromeDriver: chrome on WINDOWS (862ca12e9ab5db1f596835801427ec87)] -> xpath: //label[text()='Question ']//..//textarea]
[INFO ][06-Jul-2024 14:16:01 pm] Search_POM.enterDataToField:(243) - Data to Question is entered successfully
[INFO ][06-Jul-2024 14:16:13 pm] Search_POM.verifyErrorText:(187) - Error message is displayed with text : Allows alphabets only
[INFO ][06-Jul-2024 14:16:20 pm] Search_POM.verifyScreen:(61) - Ask a Question: Screen is displayed successfully
[INFO ][06-Jul-2024 14:16:22 pm] SeleniumWrapper.enterText:(201) - Entering Text :Abhi in WebElement :[[ChromeDriver: chrome on WINDOWS (862ca12e9ab5db1f596835801427ec87)] -> xpath: //label[text()='First name']//..//input]
[INFO ][06-Jul-2024 14:16:24 pm] Search_POM.enterDataToField:(243) - Data to First name is entered successfully
[INFO ][06-Jul-2024 14:16:27 pm] SeleniumWrapper.enterText:(201) - Entering Text :!@ in WebElement :[[ChromeDriver: chrome on WINDOWS (862ca12e9ab5db1f596835801427ec87)] -> xpath: //label[text()='Last name']//..//input]
[INFO ][06-Jul-2024 14:16:29 pm] Search_POM.enterDataToField:(243) - Data to Last name is entered successfully
[INFO ][06-Jul-2024 14:16:31 pm] SeleniumWrapper.enterText:(201) - Entering Text :abhishekl@softclouds.com in WebElement :[[ChromeDriver: chrome on WINDOWS (862ca12e9ab5db1f596835801427ec87)] -> xpath: //label[text()='Email address']//..//input]
[INFO ][06-Jul-2024 14:16:33 pm] Search_POM.enterDataToField:(243) - Data to Email address is entered successfully
[INFO ][06-Jul-2024 14:16:35 pm] SeleniumWrapper.enterText:(201) - Entering Text :Data crawling in WebElement :[[ChromeDriver: chrome on WINDOWS (862ca12e9ab5db1f596835801427ec87)] -> xpath: //label[text()='Subject ']//..//input]
[INFO ][06-Jul-2024 14:16:37 pm] Search_POM.enterDataToField:(243) - Data to Subject is entered successfully
[INFO ][06-Jul-2024 14:16:42 pm] SeleniumWrapper.enterText:(201) - Entering Text :Data crawling from Slack in WebElement :[[ChromeDriver: chrome on WINDOWS (862ca12e9ab5db1f596835801427ec87)] -> xpath: //label[text()='Question ']//..//textarea]
[INFO ][06-Jul-2024 14:16:44 pm] Search_POM.enterDataToField:(243) - Data to Question is entered successfully
[INFO ][06-Jul-2024 14:16:55 pm] Search_POM.verifyErrorText:(187) - Error message is displayed with text : Allows alphabets only
[INFO ][06-Jul-2024 14:17:03 pm] Search_POM.verifyScreen:(61) - Ask a Question: Screen is displayed successfully
[INFO ][06-Jul-2024 14:17:05 pm] SeleniumWrapper.enterText:(201) - Entering Text :Abhi in WebElement :[[ChromeDriver: chrome on WINDOWS (862ca12e9ab5db1f596835801427ec87)] -> xpath: //label[text()='First name']//..//input]
[INFO ][06-Jul-2024 14:17:07 pm] Search_POM.enterDataToField:(243) - Data to First name is entered successfully
[INFO ][06-Jul-2024 14:17:09 pm] SeleniumWrapper.enterText:(201) - Entering Text :L in WebElement :[[ChromeDriver: chrome on WINDOWS (862ca12e9ab5db1f596835801427ec87)] -> xpath: //label[text()='Last name']//..//input]
[INFO ][06-Jul-2024 14:17:11 pm] Search_POM.enterDataToField:(243) - Data to Last name is entered successfully
[INFO ][06-Jul-2024 14:17:14 pm] SeleniumWrapper.enterText:(201) - Entering Text :abhishek in WebElement :[[ChromeDriver: chrome on WINDOWS (862ca12e9ab5db1f596835801427ec87)] -> xpath: //label[text()='Email address']//..//input]
[INFO ][06-Jul-2024 14:17:16 pm] Search_POM.enterDataToField:(243) - Data to Email address is entered successfully
[INFO ][06-Jul-2024 14:17:18 pm] SeleniumWrapper.enterText:(201) - Entering Text :Data crawling in WebElement :[[ChromeDriver: chrome on WINDOWS (862ca12e9ab5db1f596835801427ec87)] -> xpath: //label[text()='Subject ']//..//input]
[INFO ][06-Jul-2024 14:17:20 pm] Search_POM.enterDataToField:(243) - Data to Subject is entered successfully
[INFO ][06-Jul-2024 14:17:25 pm] SeleniumWrapper.enterText:(201) - Entering Text :Data crawling from Slack in WebElement :[[ChromeDriver: chrome on WINDOWS (862ca12e9ab5db1f596835801427ec87)] -> xpath: //label[text()='Question ']//..//textarea]
[INFO ][06-Jul-2024 14:17:27 pm] Search_POM.enterDataToField:(243) - Data to Question is entered successfully
[INFO ][06-Jul-2024 14:17:38 pm] Search_POM.verifyErrorText:(187) - Error message is displayed with text : Invalid email ID
[INFO ][06-Jul-2024 14:17:46 pm] Search_POM.verifyScreen:(61) - Ask a Question: Screen is displayed successfully
[INFO ][06-Jul-2024 14:17:48 pm] SeleniumWrapper.enterText:(201) - Entering Text :Abhi in WebElement :[[ChromeDriver: chrome on WINDOWS (862ca12e9ab5db1f596835801427ec87)] -> xpath: //label[text()='First name']//..//input]
[INFO ][06-Jul-2024 14:17:50 pm] Search_POM.enterDataToField:(243) - Data to First name is entered successfully
[INFO ][06-Jul-2024 14:17:52 pm] SeleniumWrapper.enterText:(201) - Entering Text :L in WebElement :[[ChromeDriver: chrome on WINDOWS (862ca12e9ab5db1f596835801427ec87)] -> xpath: //label[text()='Last name']//..//input]
[INFO ][06-Jul-2024 14:17:54 pm] Search_POM.enterDataToField:(243) - Data to Last name is entered successfully
[INFO ][06-Jul-2024 14:17:57 pm] SeleniumWrapper.enterText:(201) - Entering Text :abhishekl@softclouds.com in WebElement :[[ChromeDriver: chrome on WINDOWS (862ca12e9ab5db1f596835801427ec87)] -> xpath: //label[text()='Email address']//..//input]
[INFO ][06-Jul-2024 14:17:59 pm] Search_POM.enterDataToField:(243) - Data to Email address is entered successfully
[INFO ][06-Jul-2024 14:18:01 pm] SeleniumWrapper.enterText:(201) - Entering Text :Data crawling in WebElement :[[ChromeDriver: chrome on WINDOWS (862ca12e9ab5db1f596835801427ec87)] -> xpath: //label[text()='Subject ']//..//input]
[INFO ][06-Jul-2024 14:18:03 pm] Search_POM.enterDataToField:(243) - Data to Subject is entered successfully
[INFO ][06-Jul-2024 14:18:07 pm] SeleniumWrapper.enterText:(201) - Entering Text :Data crawling from Slack in WebElement :[[ChromeDriver: chrome on WINDOWS (862ca12e9ab5db1f596835801427ec87)] -> xpath: //label[text()='Question ']//..//textarea]
[INFO ][06-Jul-2024 14:18:10 pm] Search_POM.enterDataToField:(243) - Data to Question is entered successfully
[INFO ][06-Jul-2024 14:18:23 pm] Search_POM.verifyPopuptext:(210) - Popup is displayed with text Seems like something error occured.
