[INFO ][27-Jun-2024 15:14:46 pm] SeleniumWrapper.openBrowser:(278) - Opening chrome browser.
[INFO ][27-Jun-2024 15:14:52 pm] SeleniumWrapper.enterURL:(33) - Entering url :https://demo.kapturekm.com/ksearch
[INFO ][27-Jun-2024 15:14:53 pm] ApplicationWrapper.launchURL:(12) - Application launched successfully
[INFO ][27-Jun-2024 15:14:55 pm] Search_POM.verifyScreen:(61) - Ask a Question: Screen is displayed successfully
[INFO ][27-Jun-2024 15:14:55 pm] Search_POM.verifyFields:(167) - First name : field is displayed in Ask a Question Screen
[INFO ][27-Jun-2024 15:14:55 pm] Search_POM.verifyFields:(167) - Last name : field is displayed in Ask a Question Screen
[INFO ][27-Jun-2024 15:14:55 pm] Search_POM.verifyFields:(167) - Email address : field is displayed in Ask a Question Screen
[INFO ][27-Jun-2024 15:14:55 pm] Search_POM.verifyFields:(167) - Subject : field is displayed in Ask a Question Screen
[INFO ][27-Jun-2024 15:14:57 pm] Search_POM.verifyFields:(167) - Question : field is displayed in Ask a Question Screen
[INFO ][27-Jun-2024 15:14:57 pm] Search_POM.verifyFields:(167) - Account : field is displayed in Ask a Question Screen
[INFO ][27-Jun-2024 15:14:57 pm] Search_POM.verifyButton:(95) - Choose File : button is displayed in Ask a Question Screen
[INFO ][27-Jun-2024 15:14:58 pm] Search_POM.verifyButton:(95) - Submit Your Question : button is displayed in Ask a Question Screen
[INFO ][27-Jun-2024 15:15:02 pm] Search_POM.verifyScreen:(61) - Ask a Question: Screen is displayed successfully
[INFO ][27-Jun-2024 15:15:04 pm] SeleniumWrapper.enterText:(201) - Entering Text :Abhishek in WebElement :[[ChromeDriver: chrome on WINDOWS (f5d7b64163fb38645af4e91e7103c71b)] -> xpath: //label[text()='First name']//..//input]
[INFO ][27-Jun-2024 15:15:06 pm] Search_POM.enterDataToField:(243) - Data to First name is entered successfully
[INFO ][27-Jun-2024 15:15:08 pm] SeleniumWrapper.enterText:(201) - Entering Text :Lingaraju in WebElement :[[ChromeDriver: chrome on WINDOWS (f5d7b64163fb38645af4e91e7103c71b)] -> xpath: //label[text()='Last name']//..//input]
[INFO ][27-Jun-2024 15:15:10 pm] Search_POM.enterDataToField:(243) - Data to Last name is entered successfully
[INFO ][27-Jun-2024 15:15:12 pm] SeleniumWrapper.enterText:(201) - Entering Text :abhishekl@softclouds.com in WebElement :[[ChromeDriver: chrome on WINDOWS (f5d7b64163fb38645af4e91e7103c71b)] -> xpath: //label[text()='Email address']//..//input]
[INFO ][27-Jun-2024 15:15:14 pm] Search_POM.enterDataToField:(243) - Data to Email address is entered successfully
[INFO ][27-Jun-2024 15:15:16 pm] SeleniumWrapper.enterText:(201) - Entering Text :Data crawling_701 in WebElement :[[ChromeDriver: chrome on WINDOWS (f5d7b64163fb38645af4e91e7103c71b)] -> xpath: //label[text()='Subject ']//..//input]
[INFO ][27-Jun-2024 15:15:19 pm] Search_POM.enterDataToField:(243) - Data to Subject is entered successfully
[INFO ][27-Jun-2024 15:15:23 pm] SeleniumWrapper.enterText:(201) - Entering Text :Data crawling steps from Slack in WebElement :[[ChromeDriver: chrome on WINDOWS (f5d7b64163fb38645af4e91e7103c71b)] -> xpath: //label[text()='Question ']//..//textarea]
[INFO ][27-Jun-2024 15:15:25 pm] Search_POM.enterDataToField:(243) - Data to Question is entered successfully
[INFO ][27-Jun-2024 15:15:37 pm] Search_POM.verifyPopuptext:(205) - Success popup is displayed with case number : CASE0110
[INFO ][27-Jun-2024 15:15:48 pm] Search_POM.verifyScreen:(61) - Ask a Question: Screen is displayed successfully
[INFO ][27-Jun-2024 15:15:50 pm] SeleniumWrapper.enterText:(201) - Entering Text :Lingaraju in WebElement :[[ChromeDriver: chrome on WINDOWS (f5d7b64163fb38645af4e91e7103c71b)] -> xpath: //label[text()='Last name']//..//input]
[INFO ][27-Jun-2024 15:15:52 pm] Search_POM.enterDataToField:(243) - Data to Last name is entered successfully
[INFO ][27-Jun-2024 15:15:54 pm] SeleniumWrapper.enterText:(201) - Entering Text :abhishekl@softclouds.com in WebElement :[[ChromeDriver: chrome on WINDOWS (f5d7b64163fb38645af4e91e7103c71b)] -> xpath: //label[text()='Email address']//..//input]
[INFO ][27-Jun-2024 15:15:56 pm] Search_POM.enterDataToField:(243) - Data to Email address is entered successfully
[INFO ][27-Jun-2024 15:15:58 pm] SeleniumWrapper.enterText:(201) - Entering Text :Data crawling in WebElement :[[ChromeDriver: chrome on WINDOWS (f5d7b64163fb38645af4e91e7103c71b)] -> xpath: //label[text()='Subject ']//..//input]
[INFO ][27-Jun-2024 15:16:00 pm] Search_POM.enterDataToField:(243) - Data to Subject is entered successfully
[INFO ][27-Jun-2024 15:16:04 pm] SeleniumWrapper.enterText:(201) - Entering Text :Data crawling from Slack in WebElement :[[ChromeDriver: chrome on WINDOWS (f5d7b64163fb38645af4e91e7103c71b)] -> xpath: //label[text()='Question ']//..//textarea]
[INFO ][27-Jun-2024 15:16:06 pm] Search_POM.enterDataToField:(243) - Data to Question is entered successfully
[INFO ][27-Jun-2024 15:16:13 pm] Search_POM.verifyErrorText:(187) - Error message is displayed with text : Please enter first name
[INFO ][27-Jun-2024 15:16:17 pm] Search_POM.verifyScreen:(61) - Ask a Question: Screen is displayed successfully
[INFO ][27-Jun-2024 15:16:19 pm] SeleniumWrapper.enterText:(201) - Entering Text :Abhishek in WebElement :[[ChromeDriver: chrome on WINDOWS (f5d7b64163fb38645af4e91e7103c71b)] -> xpath: //label[text()='First name']//..//input]
[INFO ][27-Jun-2024 15:16:21 pm] Search_POM.enterDataToField:(243) - Data to First name is entered successfully
[INFO ][27-Jun-2024 15:16:23 pm] SeleniumWrapper.enterText:(201) - Entering Text :abhishekl@softclouds.com in WebElement :[[ChromeDriver: chrome on WINDOWS (f5d7b64163fb38645af4e91e7103c71b)] -> xpath: //label[text()='Email address']//..//input]
[INFO ][27-Jun-2024 15:16:25 pm] Search_POM.enterDataToField:(243) - Data to Email address is entered successfully
[INFO ][27-Jun-2024 15:16:27 pm] SeleniumWrapper.enterText:(201) - Entering Text :Data crawling in WebElement :[[ChromeDriver: chrome on WINDOWS (f5d7b64163fb38645af4e91e7103c71b)] -> xpath: //label[text()='Subject ']//..//input]
[INFO ][27-Jun-2024 15:16:29 pm] Search_POM.enterDataToField:(243) - Data to Subject is entered successfully
[INFO ][27-Jun-2024 15:16:33 pm] SeleniumWrapper.enterText:(201) - Entering Text :Data crawling from Slack in WebElement :[[ChromeDriver: chrome on WINDOWS (f5d7b64163fb38645af4e91e7103c71b)] -> xpath: //label[text()='Question ']//..//textarea]
[INFO ][27-Jun-2024 15:16:35 pm] Search_POM.enterDataToField:(243) - Data to Question is entered successfully
[INFO ][27-Jun-2024 15:16:42 pm] Search_POM.verifyErrorText:(187) - Error message is displayed with text : Please enter last name
[INFO ][27-Jun-2024 15:16:46 pm] Search_POM.verifyScreen:(61) - Ask a Question: Screen is displayed successfully
[INFO ][27-Jun-2024 15:16:48 pm] SeleniumWrapper.enterText:(201) - Entering Text :Abhishek in WebElement :[[ChromeDriver: chrome on WINDOWS (f5d7b64163fb38645af4e91e7103c71b)] -> xpath: //label[text()='First name']//..//input]
[INFO ][27-Jun-2024 15:16:50 pm] Search_POM.enterDataToField:(243) - Data to First name is entered successfully
[INFO ][27-Jun-2024 15:16:52 pm] SeleniumWrapper.enterText:(201) - Entering Text :Lingaraju in WebElement :[[ChromeDriver: chrome on WINDOWS (f5d7b64163fb38645af4e91e7103c71b)] -> xpath: //label[text()='Last name']//..//input]
[INFO ][27-Jun-2024 15:16:54 pm] Search_POM.enterDataToField:(243) - Data to Last name is entered successfully
[INFO ][27-Jun-2024 15:16:56 pm] SeleniumWrapper.enterText:(201) - Entering Text :Data crawling in WebElement :[[ChromeDriver: chrome on WINDOWS (f5d7b64163fb38645af4e91e7103c71b)] -> xpath: //label[text()='Subject ']//..//input]
[INFO ][27-Jun-2024 15:16:58 pm] Search_POM.enterDataToField:(243) - Data to Subject is entered successfully
[INFO ][27-Jun-2024 15:17:02 pm] SeleniumWrapper.enterText:(201) - Entering Text :Data crawling from Slack in WebElement :[[ChromeDriver: chrome on WINDOWS (f5d7b64163fb38645af4e91e7103c71b)] -> xpath: //label[text()='Question ']//..//textarea]
[INFO ][27-Jun-2024 15:17:04 pm] Search_POM.enterDataToField:(243) - Data to Question is entered successfully
[INFO ][27-Jun-2024 15:17:10 pm] Search_POM.verifyErrorText:(187) - Error message is displayed with text : Please enter email ID
[INFO ][27-Jun-2024 15:17:15 pm] Search_POM.verifyScreen:(61) - Ask a Question: Screen is displayed successfully
[INFO ][27-Jun-2024 15:17:17 pm] SeleniumWrapper.enterText:(201) - Entering Text :Abhishek in WebElement :[[ChromeDriver: chrome on WINDOWS (f5d7b64163fb38645af4e91e7103c71b)] -> xpath: //label[text()='First name']//..//input]
[INFO ][27-Jun-2024 15:17:19 pm] Search_POM.enterDataToField:(243) - Data to First name is entered successfully
[INFO ][27-Jun-2024 15:17:21 pm] SeleniumWrapper.enterText:(201) - Entering Text :Lingaraju in WebElement :[[ChromeDriver: chrome on WINDOWS (f5d7b64163fb38645af4e91e7103c71b)] -> xpath: //label[text()='Last name']//..//input]
[INFO ][27-Jun-2024 15:17:23 pm] Search_POM.enterDataToField:(243) - Data to Last name is entered successfully
[INFO ][27-Jun-2024 15:17:25 pm] SeleniumWrapper.enterText:(201) - Entering Text :abhishekl@softclouds.com in WebElement :[[ChromeDriver: chrome on WINDOWS (f5d7b64163fb38645af4e91e7103c71b)] -> xpath: //label[text()='Email address']//..//input]
[INFO ][27-Jun-2024 15:17:27 pm] Search_POM.enterDataToField:(243) - Data to Email address is entered successfully
[INFO ][27-Jun-2024 15:17:31 pm] SeleniumWrapper.enterText:(201) - Entering Text :Data crawling from Slack in WebElement :[[ChromeDriver: chrome on WINDOWS (f5d7b64163fb38645af4e91e7103c71b)] -> xpath: //label[text()='Question ']//..//textarea]
[INFO ][27-Jun-2024 15:17:33 pm] Search_POM.enterDataToField:(243) - Data to Question is entered successfully
[INFO ][27-Jun-2024 15:17:39 pm] Search_POM.verifyFields:(167) - Subject : field is displayed in Ask a Question Screen
[INFO ][27-Jun-2024 15:17:44 pm] Search_POM.verifyScreen:(61) - Ask a Question: Screen is displayed successfully
[INFO ][27-Jun-2024 15:17:46 pm] SeleniumWrapper.enterText:(201) - Entering Text :Abhishek in WebElement :[[ChromeDriver: chrome on WINDOWS (f5d7b64163fb38645af4e91e7103c71b)] -> xpath: //label[text()='First name']//..//input]
[INFO ][27-Jun-2024 15:17:48 pm] Search_POM.enterDataToField:(243) - Data to First name is entered successfully
[INFO ][27-Jun-2024 15:17:50 pm] SeleniumWrapper.enterText:(201) - Entering Text :Lingaraju in WebElement :[[ChromeDriver: chrome on WINDOWS (f5d7b64163fb38645af4e91e7103c71b)] -> xpath: //label[text()='Last name']//..//input]
[INFO ][27-Jun-2024 15:17:52 pm] Search_POM.enterDataToField:(243) - Data to Last name is entered successfully
[INFO ][27-Jun-2024 15:17:54 pm] SeleniumWrapper.enterText:(201) - Entering Text :abhishekl@softclouds.com in WebElement :[[ChromeDriver: chrome on WINDOWS (f5d7b64163fb38645af4e91e7103c71b)] -> xpath: //label[text()='Email address']//..//input]
[INFO ][27-Jun-2024 15:17:56 pm] Search_POM.enterDataToField:(243) - Data to Email address is entered successfully
[INFO ][27-Jun-2024 15:17:58 pm] SeleniumWrapper.enterText:(201) - Entering Text :Data crawling in WebElement :[[ChromeDriver: chrome on WINDOWS (f5d7b64163fb38645af4e91e7103c71b)] -> xpath: //label[text()='Subject ']//..//input]
[INFO ][27-Jun-2024 15:18:00 pm] Search_POM.enterDataToField:(243) - Data to Subject is entered successfully
[INFO ][27-Jun-2024 15:18:08 pm] Search_POM.verifyErrorText:(187) - Error message is displayed with text : Please enter question
[INFO ][27-Jun-2024 15:18:13 pm] Search_POM.verifyScreen:(61) - Ask a Question: Screen is displayed successfully
[INFO ][27-Jun-2024 15:18:15 pm] SeleniumWrapper.enterText:(201) - Entering Text :Abhishek in WebElement :[[ChromeDriver: chrome on WINDOWS (f5d7b64163fb38645af4e91e7103c71b)] -> xpath: //label[text()='First name']//..//input]
[INFO ][27-Jun-2024 15:18:17 pm] Search_POM.enterDataToField:(243) - Data to First name is entered successfully
[INFO ][27-Jun-2024 15:18:19 pm] SeleniumWrapper.enterText:(201) - Entering Text :Lingaraju in WebElement :[[ChromeDriver: chrome on WINDOWS (f5d7b64163fb38645af4e91e7103c71b)] -> xpath: //label[text()='Last name']//..//input]
[INFO ][27-Jun-2024 15:18:21 pm] Search_POM.enterDataToField:(243) - Data to Last name is entered successfully
[INFO ][27-Jun-2024 15:18:23 pm] SeleniumWrapper.enterText:(201) - Entering Text :abhishekl@softclouds.com in WebElement :[[ChromeDriver: chrome on WINDOWS (f5d7b64163fb38645af4e91e7103c71b)] -> xpath: //label[text()='Email address']//..//input]
[INFO ][27-Jun-2024 15:18:25 pm] Search_POM.enterDataToField:(243) - Data to Email address is entered successfully
[INFO ][27-Jun-2024 15:18:27 pm] SeleniumWrapper.enterText:(201) - Entering Text :Data crawling in WebElement :[[ChromeDriver: chrome on WINDOWS (f5d7b64163fb38645af4e91e7103c71b)] -> xpath: //label[text()='Subject ']//..//input]
[INFO ][27-Jun-2024 15:18:29 pm] Search_POM.enterDataToField:(243) - Data to Subject is entered successfully
[INFO ][27-Jun-2024 15:18:33 pm] SeleniumWrapper.enterText:(201) - Entering Text :Data crawling from Slack in WebElement :[[ChromeDriver: chrome on WINDOWS (f5d7b64163fb38645af4e91e7103c71b)] -> xpath: //label[text()='Question ']//..//textarea]
[INFO ][27-Jun-2024 15:18:35 pm] Search_POM.enterDataToField:(243) - Data to Question is entered successfully
[INFO ][27-Jun-2024 15:18:37 pm] Search_POM.verifyErrorText:(187) - Error message is displayed with text : Please choose account
[INFO ][27-Jun-2024 15:18:42 pm] Search_POM.verifyScreen:(61) - Ask a Question: Screen is displayed successfully
[INFO ][27-Jun-2024 15:18:44 pm] SeleniumWrapper.enterText:(201) - Entering Text :@12Abhi in WebElement :[[ChromeDriver: chrome on WINDOWS (f5d7b64163fb38645af4e91e7103c71b)] -> xpath: //label[text()='First name']//..//input]
[INFO ][27-Jun-2024 15:18:46 pm] Search_POM.enterDataToField:(243) - Data to First name is entered successfully
[INFO ][27-Jun-2024 15:18:48 pm] SeleniumWrapper.enterText:(201) - Entering Text :Lingaraju in WebElement :[[ChromeDriver: chrome on WINDOWS (f5d7b64163fb38645af4e91e7103c71b)] -> xpath: //label[text()='Last name']//..//input]
[INFO ][27-Jun-2024 15:18:50 pm] Search_POM.enterDataToField:(243) - Data to Last name is entered successfully
[INFO ][27-Jun-2024 15:18:52 pm] SeleniumWrapper.enterText:(201) - Entering Text :abhishekl@softclouds.com in WebElement :[[ChromeDriver: chrome on WINDOWS (f5d7b64163fb38645af4e91e7103c71b)] -> xpath: //label[text()='Email address']//..//input]
[INFO ][27-Jun-2024 15:18:54 pm] Search_POM.enterDataToField:(243) - Data to Email address is entered successfully
[INFO ][27-Jun-2024 15:18:56 pm] SeleniumWrapper.enterText:(201) - Entering Text :Data crawling in WebElement :[[ChromeDriver: chrome on WINDOWS (f5d7b64163fb38645af4e91e7103c71b)] -> xpath: //label[text()='Subject ']//..//input]
[INFO ][27-Jun-2024 15:18:58 pm] Search_POM.enterDataToField:(243) - Data to Subject is entered successfully
[INFO ][27-Jun-2024 15:19:02 pm] SeleniumWrapper.enterText:(201) - Entering Text :Data crawling from Slack in WebElement :[[ChromeDriver: chrome on WINDOWS (f5d7b64163fb38645af4e91e7103c71b)] -> xpath: //label[text()='Question ']//..//textarea]
[INFO ][27-Jun-2024 15:19:04 pm] Search_POM.enterDataToField:(243) - Data to Question is entered successfully
[INFO ][27-Jun-2024 15:19:13 pm] Search_POM.verifyErrorText:(187) - Error message is displayed with text : Allows alphabets only
[INFO ][27-Jun-2024 15:19:17 pm] Search_POM.verifyScreen:(61) - Ask a Question: Screen is displayed successfully
[INFO ][27-Jun-2024 15:19:19 pm] SeleniumWrapper.enterText:(201) - Entering Text :Abhi in WebElement :[[ChromeDriver: chrome on WINDOWS (f5d7b64163fb38645af4e91e7103c71b)] -> xpath: //label[text()='First name']//..//input]
[INFO ][27-Jun-2024 15:19:21 pm] Search_POM.enterDataToField:(243) - Data to First name is entered successfully
[INFO ][27-Jun-2024 15:19:23 pm] SeleniumWrapper.enterText:(201) - Entering Text :!@ in WebElement :[[ChromeDriver: chrome on WINDOWS (f5d7b64163fb38645af4e91e7103c71b)] -> xpath: //label[text()='Last name']//..//input]
[INFO ][27-Jun-2024 15:19:25 pm] Search_POM.enterDataToField:(243) - Data to Last name is entered successfully
[INFO ][27-Jun-2024 15:19:27 pm] SeleniumWrapper.enterText:(201) - Entering Text :abhishekl@softclouds.com in WebElement :[[ChromeDriver: chrome on WINDOWS (f5d7b64163fb38645af4e91e7103c71b)] -> xpath: //label[text()='Email address']//..//input]
[INFO ][27-Jun-2024 15:19:29 pm] Search_POM.enterDataToField:(243) - Data to Email address is entered successfully
[INFO ][27-Jun-2024 15:19:31 pm] SeleniumWrapper.enterText:(201) - Entering Text :Data crawling in WebElement :[[ChromeDriver: chrome on WINDOWS (f5d7b64163fb38645af4e91e7103c71b)] -> xpath: //label[text()='Subject ']//..//input]
[INFO ][27-Jun-2024 15:19:33 pm] Search_POM.enterDataToField:(243) - Data to Subject is entered successfully
[INFO ][27-Jun-2024 15:19:37 pm] SeleniumWrapper.enterText:(201) - Entering Text :Data crawling from Slack in WebElement :[[ChromeDriver: chrome on WINDOWS (f5d7b64163fb38645af4e91e7103c71b)] -> xpath: //label[text()='Question ']//..//textarea]
[INFO ][27-Jun-2024 15:19:39 pm] Search_POM.enterDataToField:(243) - Data to Question is entered successfully
[INFO ][27-Jun-2024 15:19:48 pm] Search_POM.verifyErrorText:(187) - Error message is displayed with text : Allows alphabets only
[INFO ][27-Jun-2024 15:19:52 pm] Search_POM.verifyScreen:(61) - Ask a Question: Screen is displayed successfully
[INFO ][27-Jun-2024 15:19:54 pm] SeleniumWrapper.enterText:(201) - Entering Text :Abhi in WebElement :[[ChromeDriver: chrome on WINDOWS (f5d7b64163fb38645af4e91e7103c71b)] -> xpath: //label[text()='First name']//..//input]
[INFO ][27-Jun-2024 15:19:56 pm] Search_POM.enterDataToField:(243) - Data to First name is entered successfully
[INFO ][27-Jun-2024 15:19:58 pm] SeleniumWrapper.enterText:(201) - Entering Text :L in WebElement :[[ChromeDriver: chrome on WINDOWS (f5d7b64163fb38645af4e91e7103c71b)] -> xpath: //label[text()='Last name']//..//input]
[INFO ][27-Jun-2024 15:20:00 pm] Search_POM.enterDataToField:(243) - Data to Last name is entered successfully
[INFO ][27-Jun-2024 15:20:02 pm] SeleniumWrapper.enterText:(201) - Entering Text :abhishek in WebElement :[[ChromeDriver: chrome on WINDOWS (f5d7b64163fb38645af4e91e7103c71b)] -> xpath: //label[text()='Email address']//..//input]
[INFO ][27-Jun-2024 15:20:04 pm] Search_POM.enterDataToField:(243) - Data to Email address is entered successfully
[INFO ][27-Jun-2024 15:20:06 pm] SeleniumWrapper.enterText:(201) - Entering Text :Data crawling in WebElement :[[ChromeDriver: chrome on WINDOWS (f5d7b64163fb38645af4e91e7103c71b)] -> xpath: //label[text()='Subject ']//..//input]
[INFO ][27-Jun-2024 15:20:08 pm] Search_POM.enterDataToField:(243) - Data to Subject is entered successfully
[INFO ][27-Jun-2024 15:20:13 pm] SeleniumWrapper.enterText:(201) - Entering Text :Data crawling from Slack in WebElement :[[ChromeDriver: chrome on WINDOWS (f5d7b64163fb38645af4e91e7103c71b)] -> xpath: //label[text()='Question ']//..//textarea]
[INFO ][27-Jun-2024 15:20:15 pm] Search_POM.enterDataToField:(243) - Data to Question is entered successfully
[INFO ][27-Jun-2024 15:20:23 pm] Search_POM.verifyErrorText:(187) - Error message is displayed with text : Invalid email ID
[INFO ][27-Jun-2024 15:20:27 pm] Search_POM.verifyScreen:(61) - Ask a Question: Screen is displayed successfully
[INFO ][27-Jun-2024 15:20:29 pm] SeleniumWrapper.enterText:(201) - Entering Text :Abhi in WebElement :[[ChromeDriver: chrome on WINDOWS (f5d7b64163fb38645af4e91e7103c71b)] -> xpath: //label[text()='First name']//..//input]
[INFO ][27-Jun-2024 15:20:31 pm] Search_POM.enterDataToField:(243) - Data to First name is entered successfully
[INFO ][27-Jun-2024 15:20:33 pm] SeleniumWrapper.enterText:(201) - Entering Text :L in WebElement :[[ChromeDriver: chrome on WINDOWS (f5d7b64163fb38645af4e91e7103c71b)] -> xpath: //label[text()='Last name']//..//input]
[INFO ][27-Jun-2024 15:20:35 pm] Search_POM.enterDataToField:(243) - Data to Last name is entered successfully
[INFO ][27-Jun-2024 15:20:37 pm] SeleniumWrapper.enterText:(201) - Entering Text :abhishekl@softclouds.com in WebElement :[[ChromeDriver: chrome on WINDOWS (f5d7b64163fb38645af4e91e7103c71b)] -> xpath: //label[text()='Email address']//..//input]
[INFO ][27-Jun-2024 15:20:39 pm] Search_POM.enterDataToField:(243) - Data to Email address is entered successfully
[INFO ][27-Jun-2024 15:20:42 pm] SeleniumWrapper.enterText:(201) - Entering Text :Data crawling in WebElement :[[ChromeDriver: chrome on WINDOWS (f5d7b64163fb38645af4e91e7103c71b)] -> xpath: //label[text()='Subject ']//..//input]
[INFO ][27-Jun-2024 15:20:44 pm] Search_POM.enterDataToField:(243) - Data to Subject is entered successfully
[INFO ][27-Jun-2024 15:20:48 pm] SeleniumWrapper.enterText:(201) - Entering Text :Data crawling from Slack in WebElement :[[ChromeDriver: chrome on WINDOWS (f5d7b64163fb38645af4e91e7103c71b)] -> xpath: //label[text()='Question ']//..//textarea]
[INFO ][27-Jun-2024 15:20:50 pm] Search_POM.enterDataToField:(243) - Data to Question is entered successfully
