[INFO ][27-Jun-2024 15:49:11 pm] SeleniumWrapper.openBrowser:(278) - Opening chrome browser.
[INFO ][27-Jun-2024 15:49:22 pm] SeleniumWrapper.enterURL:(33) - Entering url :https://demo.kapturekm.com/ksearch
[INFO ][27-Jun-2024 15:49:23 pm] ApplicationWrapper.launchURL:(12) - Application launched successfully
[INFO ][27-Jun-2024 15:49:25 pm] Search_POM.verifyScreen:(61) - Ask a Question: Screen is displayed successfully
[INFO ][27-Jun-2024 15:49:25 pm] Search_POM.verifyFields:(167) - First name : field is displayed in Ask a Question Screen
[INFO ][27-Jun-2024 15:49:25 pm] Search_POM.verifyFields:(167) - Last name : field is displayed in Ask a Question Screen
[INFO ][27-Jun-2024 15:49:26 pm] Search_POM.verifyFields:(167) - Email address : field is displayed in Ask a Question Screen
[INFO ][27-Jun-2024 15:49:26 pm] Search_POM.verifyFields:(167) - Subject : field is displayed in Ask a Question Screen
[INFO ][27-Jun-2024 15:49:28 pm] Search_POM.verifyFields:(167) - Question : field is displayed in Ask a Question Screen
[INFO ][27-Jun-2024 15:49:28 pm] Search_POM.verifyFields:(167) - Account : field is displayed in Ask a Question Screen
[INFO ][27-Jun-2024 15:49:28 pm] Search_POM.verifyButton:(95) - Choose File : button is displayed in Ask a Question Screen
[INFO ][27-Jun-2024 15:49:28 pm] Search_POM.verifyButton:(95) - Submit Your Question : button is displayed in Ask a Question Screen
[INFO ][27-Jun-2024 15:49:32 pm] Search_POM.verifyScreen:(61) - Ask a Question: Screen is displayed successfully
[INFO ][27-Jun-2024 15:49:35 pm] SeleniumWrapper.enterText:(201) - Entering Text :Abhishek in WebElement :[[ChromeDriver: chrome on WINDOWS (608f6bbd0227d4147b7976df5124e41c)] -> xpath: //label[text()='First name']//..//input]
[INFO ][27-Jun-2024 15:49:37 pm] Search_POM.enterDataToField:(243) - Data to First name is entered successfully
[INFO ][27-Jun-2024 15:49:39 pm] SeleniumWrapper.enterText:(201) - Entering Text :Lingaraju in WebElement :[[ChromeDriver: chrome on WINDOWS (608f6bbd0227d4147b7976df5124e41c)] -> xpath: //label[text()='Last name']//..//input]
[INFO ][27-Jun-2024 15:49:41 pm] Search_POM.enterDataToField:(243) - Data to Last name is entered successfully
[INFO ][27-Jun-2024 15:49:43 pm] SeleniumWrapper.enterText:(201) - Entering Text :abhishekl@softclouds.com in WebElement :[[ChromeDriver: chrome on WINDOWS (608f6bbd0227d4147b7976df5124e41c)] -> xpath: //label[text()='Email address']//..//input]
[INFO ][27-Jun-2024 15:49:45 pm] Search_POM.enterDataToField:(243) - Data to Email address is entered successfully
[INFO ][27-Jun-2024 15:49:47 pm] SeleniumWrapper.enterText:(201) - Entering Text :Data crawling_530 in WebElement :[[ChromeDriver: chrome on WINDOWS (608f6bbd0227d4147b7976df5124e41c)] -> xpath: //label[text()='Subject ']//..//input]
[INFO ][27-Jun-2024 15:49:49 pm] Search_POM.enterDataToField:(243) - Data to Subject is entered successfully
[INFO ][27-Jun-2024 15:49:53 pm] SeleniumWrapper.enterText:(201) - Entering Text :Data crawling steps from Slack in WebElement :[[ChromeDriver: chrome on WINDOWS (608f6bbd0227d4147b7976df5124e41c)] -> xpath: //label[text()='Question ']//..//textarea]
[INFO ][27-Jun-2024 15:49:55 pm] Search_POM.enterDataToField:(243) - Data to Question is entered successfully
[INFO ][27-Jun-2024 15:50:06 pm] Search_POM.verifyScreen:(61) - Ask a Question: Screen is displayed successfully
[INFO ][27-Jun-2024 15:50:08 pm] SeleniumWrapper.enterText:(201) - Entering Text :Lingaraju in WebElement :[[ChromeDriver: chrome on WINDOWS (608f6bbd0227d4147b7976df5124e41c)] -> xpath: //label[text()='Last name']//..//input]
[INFO ][27-Jun-2024 15:50:10 pm] Search_POM.enterDataToField:(243) - Data to Last name is entered successfully
[INFO ][27-Jun-2024 15:50:13 pm] SeleniumWrapper.enterText:(201) - Entering Text :abhishekl@softclouds.com in WebElement :[[ChromeDriver: chrome on WINDOWS (608f6bbd0227d4147b7976df5124e41c)] -> xpath: //label[text()='Email address']//..//input]
[INFO ][27-Jun-2024 15:50:15 pm] Search_POM.enterDataToField:(243) - Data to Email address is entered successfully
[INFO ][27-Jun-2024 15:50:17 pm] SeleniumWrapper.enterText:(201) - Entering Text :Data crawling in WebElement :[[ChromeDriver: chrome on WINDOWS (608f6bbd0227d4147b7976df5124e41c)] -> xpath: //label[text()='Subject ']//..//input]
[INFO ][27-Jun-2024 15:50:19 pm] Search_POM.enterDataToField:(243) - Data to Subject is entered successfully
[INFO ][27-Jun-2024 15:50:23 pm] SeleniumWrapper.enterText:(201) - Entering Text :Data crawling from Slack in WebElement :[[ChromeDriver: chrome on WINDOWS (608f6bbd0227d4147b7976df5124e41c)] -> xpath: //label[text()='Question ']//..//textarea]
[INFO ][27-Jun-2024 15:50:25 pm] Search_POM.enterDataToField:(243) - Data to Question is entered successfully
[INFO ][27-Jun-2024 15:50:31 pm] Search_POM.verifyScreen:(61) - Ask a Question: Screen is displayed successfully
[INFO ][27-Jun-2024 15:50:33 pm] SeleniumWrapper.enterText:(201) - Entering Text :Abhishek in WebElement :[[ChromeDriver: chrome on WINDOWS (608f6bbd0227d4147b7976df5124e41c)] -> xpath: //label[text()='First name']//..//input]
[INFO ][27-Jun-2024 15:50:35 pm] Search_POM.enterDataToField:(243) - Data to First name is entered successfully
[INFO ][27-Jun-2024 15:50:38 pm] SeleniumWrapper.enterText:(201) - Entering Text :abhishekl@softclouds.com in WebElement :[[ChromeDriver: chrome on WINDOWS (608f6bbd0227d4147b7976df5124e41c)] -> xpath: //label[text()='Email address']//..//input]
[INFO ][27-Jun-2024 15:50:40 pm] Search_POM.enterDataToField:(243) - Data to Email address is entered successfully
[INFO ][27-Jun-2024 15:50:42 pm] SeleniumWrapper.enterText:(201) - Entering Text :Data crawling in WebElement :[[ChromeDriver: chrome on WINDOWS (608f6bbd0227d4147b7976df5124e41c)] -> xpath: //label[text()='Subject ']//..//input]
[INFO ][27-Jun-2024 15:50:44 pm] Search_POM.enterDataToField:(243) - Data to Subject is entered successfully
[INFO ][27-Jun-2024 15:50:48 pm] SeleniumWrapper.enterText:(201) - Entering Text :Data crawling from Slack in WebElement :[[ChromeDriver: chrome on WINDOWS (608f6bbd0227d4147b7976df5124e41c)] -> xpath: //label[text()='Question ']//..//textarea]
[INFO ][27-Jun-2024 15:50:50 pm] Search_POM.enterDataToField:(243) - Data to Question is entered successfully
[INFO ][27-Jun-2024 15:50:56 pm] Search_POM.verifyScreen:(61) - Ask a Question: Screen is displayed successfully
[INFO ][27-Jun-2024 15:50:58 pm] SeleniumWrapper.enterText:(201) - Entering Text :Abhishek in WebElement :[[ChromeDriver: chrome on WINDOWS (608f6bbd0227d4147b7976df5124e41c)] -> xpath: //label[text()='First name']//..//input]
[INFO ][27-Jun-2024 15:51:00 pm] Search_POM.enterDataToField:(243) - Data to First name is entered successfully
[INFO ][27-Jun-2024 15:51:03 pm] SeleniumWrapper.enterText:(201) - Entering Text :Lingaraju in WebElement :[[ChromeDriver: chrome on WINDOWS (608f6bbd0227d4147b7976df5124e41c)] -> xpath: //label[text()='Last name']//..//input]
[INFO ][27-Jun-2024 15:51:05 pm] Search_POM.enterDataToField:(243) - Data to Last name is entered successfully
[INFO ][27-Jun-2024 15:51:07 pm] SeleniumWrapper.enterText:(201) - Entering Text :Data crawling in WebElement :[[ChromeDriver: chrome on WINDOWS (608f6bbd0227d4147b7976df5124e41c)] -> xpath: //label[text()='Subject ']//..//input]
[INFO ][27-Jun-2024 15:51:09 pm] Search_POM.enterDataToField:(243) - Data to Subject is entered successfully
[INFO ][27-Jun-2024 15:51:13 pm] SeleniumWrapper.enterText:(201) - Entering Text :Data crawling from Slack in WebElement :[[ChromeDriver: chrome on WINDOWS (608f6bbd0227d4147b7976df5124e41c)] -> xpath: //label[text()='Question ']//..//textarea]
[INFO ][27-Jun-2024 15:51:15 pm] Search_POM.enterDataToField:(243) - Data to Question is entered successfully
[INFO ][27-Jun-2024 15:51:21 pm] Search_POM.verifyScreen:(61) - Ask a Question: Screen is displayed successfully
[INFO ][27-Jun-2024 15:51:24 pm] SeleniumWrapper.enterText:(201) - Entering Text :Abhishek in WebElement :[[ChromeDriver: chrome on WINDOWS (608f6bbd0227d4147b7976df5124e41c)] -> xpath: //label[text()='First name']//..//input]
[INFO ][27-Jun-2024 15:51:26 pm] Search_POM.enterDataToField:(243) - Data to First name is entered successfully
[INFO ][27-Jun-2024 15:51:28 pm] SeleniumWrapper.enterText:(201) - Entering Text :Lingaraju in WebElement :[[ChromeDriver: chrome on WINDOWS (608f6bbd0227d4147b7976df5124e41c)] -> xpath: //label[text()='Last name']//..//input]
[INFO ][27-Jun-2024 15:51:30 pm] Search_POM.enterDataToField:(243) - Data to Last name is entered successfully
[INFO ][27-Jun-2024 15:51:32 pm] SeleniumWrapper.enterText:(201) - Entering Text :abhishekl@softclouds.com in WebElement :[[ChromeDriver: chrome on WINDOWS (608f6bbd0227d4147b7976df5124e41c)] -> xpath: //label[text()='Email address']//..//input]
[INFO ][27-Jun-2024 15:51:34 pm] Search_POM.enterDataToField:(243) - Data to Email address is entered successfully
[INFO ][27-Jun-2024 15:51:38 pm] SeleniumWrapper.enterText:(201) - Entering Text :Data crawling from Slack in WebElement :[[ChromeDriver: chrome on WINDOWS (608f6bbd0227d4147b7976df5124e41c)] -> xpath: //label[text()='Question ']//..//textarea]
[INFO ][27-Jun-2024 15:51:40 pm] Search_POM.enterDataToField:(243) - Data to Question is entered successfully
[INFO ][27-Jun-2024 15:51:47 pm] Search_POM.verifyScreen:(61) - Ask a Question: Screen is displayed successfully
[INFO ][27-Jun-2024 15:51:49 pm] SeleniumWrapper.enterText:(201) - Entering Text :Abhishek in WebElement :[[ChromeDriver: chrome on WINDOWS (608f6bbd0227d4147b7976df5124e41c)] -> xpath: //label[text()='First name']//..//input]
[INFO ][27-Jun-2024 15:51:51 pm] Search_POM.enterDataToField:(243) - Data to First name is entered successfully
[INFO ][27-Jun-2024 15:51:53 pm] SeleniumWrapper.enterText:(201) - Entering Text :Lingaraju in WebElement :[[ChromeDriver: chrome on WINDOWS (608f6bbd0227d4147b7976df5124e41c)] -> xpath: //label[text()='Last name']//..//input]
[INFO ][27-Jun-2024 15:51:55 pm] Search_POM.enterDataToField:(243) - Data to Last name is entered successfully
[INFO ][27-Jun-2024 15:51:57 pm] SeleniumWrapper.enterText:(201) - Entering Text :abhishekl@softclouds.com in WebElement :[[ChromeDriver: chrome on WINDOWS (608f6bbd0227d4147b7976df5124e41c)] -> xpath: //label[text()='Email address']//..//input]
[INFO ][27-Jun-2024 15:51:59 pm] Search_POM.enterDataToField:(243) - Data to Email address is entered successfully
[INFO ][27-Jun-2024 15:52:01 pm] SeleniumWrapper.enterText:(201) - Entering Text :Data crawling in WebElement :[[ChromeDriver: chrome on WINDOWS (608f6bbd0227d4147b7976df5124e41c)] -> xpath: //label[text()='Subject ']//..//input]
[INFO ][27-Jun-2024 15:52:03 pm] Search_POM.enterDataToField:(243) - Data to Subject is entered successfully
[INFO ][27-Jun-2024 15:52:12 pm] Search_POM.verifyScreen:(61) - Ask a Question: Screen is displayed successfully
[INFO ][27-Jun-2024 15:52:14 pm] SeleniumWrapper.enterText:(201) - Entering Text :Abhishek in WebElement :[[ChromeDriver: chrome on WINDOWS (608f6bbd0227d4147b7976df5124e41c)] -> xpath: //label[text()='First name']//..//input]
[INFO ][27-Jun-2024 15:52:16 pm] Search_POM.enterDataToField:(243) - Data to First name is entered successfully
[INFO ][27-Jun-2024 15:52:18 pm] SeleniumWrapper.enterText:(201) - Entering Text :Lingaraju in WebElement :[[ChromeDriver: chrome on WINDOWS (608f6bbd0227d4147b7976df5124e41c)] -> xpath: //label[text()='Last name']//..//input]
[INFO ][27-Jun-2024 15:52:20 pm] Search_POM.enterDataToField:(243) - Data to Last name is entered successfully
[INFO ][27-Jun-2024 15:52:22 pm] SeleniumWrapper.enterText:(201) - Entering Text :abhishekl@softclouds.com in WebElement :[[ChromeDriver: chrome on WINDOWS (608f6bbd0227d4147b7976df5124e41c)] -> xpath: //label[text()='Email address']//..//input]
[INFO ][27-Jun-2024 15:52:24 pm] Search_POM.enterDataToField:(243) - Data to Email address is entered successfully
[INFO ][27-Jun-2024 15:52:27 pm] SeleniumWrapper.enterText:(201) - Entering Text :Data crawling in WebElement :[[ChromeDriver: chrome on WINDOWS (608f6bbd0227d4147b7976df5124e41c)] -> xpath: //label[text()='Subject ']//..//input]
[INFO ][27-Jun-2024 15:52:29 pm] Search_POM.enterDataToField:(243) - Data to Subject is entered successfully
[INFO ][27-Jun-2024 15:52:33 pm] SeleniumWrapper.enterText:(201) - Entering Text :Data crawling from Slack in WebElement :[[ChromeDriver: chrome on WINDOWS (608f6bbd0227d4147b7976df5124e41c)] -> xpath: //label[text()='Question ']//..//textarea]
[INFO ][27-Jun-2024 15:52:35 pm] Search_POM.enterDataToField:(243) - Data to Question is entered successfully
[INFO ][27-Jun-2024 15:52:37 pm] Search_POM.verifyScreen:(61) - Ask a Question: Screen is displayed successfully
[INFO ][27-Jun-2024 15:52:39 pm] SeleniumWrapper.enterText:(201) - Entering Text :@12Abhi in WebElement :[[ChromeDriver: chrome on WINDOWS (608f6bbd0227d4147b7976df5124e41c)] -> xpath: //label[text()='First name']//..//input]
[INFO ][27-Jun-2024 15:52:41 pm] Search_POM.enterDataToField:(243) - Data to First name is entered successfully
[INFO ][27-Jun-2024 15:52:43 pm] SeleniumWrapper.enterText:(201) - Entering Text :Lingaraju in WebElement :[[ChromeDriver: chrome on WINDOWS (608f6bbd0227d4147b7976df5124e41c)] -> xpath: //label[text()='Last name']//..//input]
[INFO ][27-Jun-2024 15:52:45 pm] Search_POM.enterDataToField:(243) - Data to Last name is entered successfully
[INFO ][27-Jun-2024 15:52:47 pm] SeleniumWrapper.enterText:(201) - Entering Text :abhishekl@softclouds.com in WebElement :[[ChromeDriver: chrome on WINDOWS (608f6bbd0227d4147b7976df5124e41c)] -> xpath: //label[text()='Email address']//..//input]
[INFO ][27-Jun-2024 15:52:49 pm] Search_POM.enterDataToField:(243) - Data to Email address is entered successfully
[INFO ][27-Jun-2024 15:52:52 pm] SeleniumWrapper.enterText:(201) - Entering Text :Data crawling in WebElement :[[ChromeDriver: chrome on WINDOWS (608f6bbd0227d4147b7976df5124e41c)] -> xpath: //label[text()='Subject ']//..//input]
[INFO ][27-Jun-2024 15:52:54 pm] Search_POM.enterDataToField:(243) - Data to Subject is entered successfully
[INFO ][27-Jun-2024 15:52:58 pm] SeleniumWrapper.enterText:(201) - Entering Text :Data crawling from Slack in WebElement :[[ChromeDriver: chrome on WINDOWS (608f6bbd0227d4147b7976df5124e41c)] -> xpath: //label[text()='Question ']//..//textarea]
[INFO ][27-Jun-2024 15:53:00 pm] Search_POM.enterDataToField:(243) - Data to Question is entered successfully
[INFO ][27-Jun-2024 15:53:08 pm] Search_POM.verifyErrorText:(187) - Error message is displayed with text : Allows alphabets only
[INFO ][27-Jun-2024 15:53:12 pm] Search_POM.verifyScreen:(61) - Ask a Question: Screen is displayed successfully
[INFO ][27-Jun-2024 15:53:15 pm] SeleniumWrapper.enterText:(201) - Entering Text :Abhi in WebElement :[[ChromeDriver: chrome on WINDOWS (608f6bbd0227d4147b7976df5124e41c)] -> xpath: //label[text()='First name']//..//input]
[INFO ][27-Jun-2024 15:53:17 pm] Search_POM.enterDataToField:(243) - Data to First name is entered successfully
[INFO ][27-Jun-2024 15:53:19 pm] SeleniumWrapper.enterText:(201) - Entering Text :!@ in WebElement :[[ChromeDriver: chrome on WINDOWS (608f6bbd0227d4147b7976df5124e41c)] -> xpath: //label[text()='Last name']//..//input]
[INFO ][27-Jun-2024 15:53:21 pm] Search_POM.enterDataToField:(243) - Data to Last name is entered successfully
[INFO ][27-Jun-2024 15:53:23 pm] SeleniumWrapper.enterText:(201) - Entering Text :abhishekl@softclouds.com in WebElement :[[ChromeDriver: chrome on WINDOWS (608f6bbd0227d4147b7976df5124e41c)] -> xpath: //label[text()='Email address']//..//input]
[INFO ][27-Jun-2024 15:53:25 pm] Search_POM.enterDataToField:(243) - Data to Email address is entered successfully
[INFO ][27-Jun-2024 15:53:27 pm] SeleniumWrapper.enterText:(201) - Entering Text :Data crawling in WebElement :[[ChromeDriver: chrome on WINDOWS (608f6bbd0227d4147b7976df5124e41c)] -> xpath: //label[text()='Subject ']//..//input]
[INFO ][27-Jun-2024 15:53:29 pm] Search_POM.enterDataToField:(243) - Data to Subject is entered successfully
[INFO ][27-Jun-2024 15:53:33 pm] SeleniumWrapper.enterText:(201) - Entering Text :Data crawling from Slack in WebElement :[[ChromeDriver: chrome on WINDOWS (608f6bbd0227d4147b7976df5124e41c)] -> xpath: //label[text()='Question ']//..//textarea]
[INFO ][27-Jun-2024 15:53:35 pm] Search_POM.enterDataToField:(243) - Data to Question is entered successfully
[INFO ][27-Jun-2024 15:53:44 pm] Search_POM.verifyErrorText:(187) - Error message is displayed with text : Allows alphabets only
[INFO ][27-Jun-2024 15:53:48 pm] Search_POM.verifyScreen:(61) - Ask a Question: Screen is displayed successfully
[INFO ][27-Jun-2024 15:53:50 pm] SeleniumWrapper.enterText:(201) - Entering Text :Abhi in WebElement :[[ChromeDriver: chrome on WINDOWS (608f6bbd0227d4147b7976df5124e41c)] -> xpath: //label[text()='First name']//..//input]
[INFO ][27-Jun-2024 15:53:52 pm] Search_POM.enterDataToField:(243) - Data to First name is entered successfully
[INFO ][27-Jun-2024 15:53:54 pm] SeleniumWrapper.enterText:(201) - Entering Text :L in WebElement :[[ChromeDriver: chrome on WINDOWS (608f6bbd0227d4147b7976df5124e41c)] -> xpath: //label[text()='Last name']//..//input]
[INFO ][27-Jun-2024 15:53:56 pm] Search_POM.enterDataToField:(243) - Data to Last name is entered successfully
[INFO ][27-Jun-2024 15:53:59 pm] SeleniumWrapper.enterText:(201) - Entering Text :abhishek in WebElement :[[ChromeDriver: chrome on WINDOWS (608f6bbd0227d4147b7976df5124e41c)] -> xpath: //label[text()='Email address']//..//input]
[INFO ][27-Jun-2024 15:54:01 pm] Search_POM.enterDataToField:(243) - Data to Email address is entered successfully
[INFO ][27-Jun-2024 15:54:03 pm] SeleniumWrapper.enterText:(201) - Entering Text :Data crawling in WebElement :[[ChromeDriver: chrome on WINDOWS (608f6bbd0227d4147b7976df5124e41c)] -> xpath: //label[text()='Subject ']//..//input]
[INFO ][27-Jun-2024 15:54:05 pm] Search_POM.enterDataToField:(243) - Data to Subject is entered successfully
[INFO ][27-Jun-2024 15:54:09 pm] SeleniumWrapper.enterText:(201) - Entering Text :Data crawling from Slack in WebElement :[[ChromeDriver: chrome on WINDOWS (608f6bbd0227d4147b7976df5124e41c)] -> xpath: //label[text()='Question ']//..//textarea]
[INFO ][27-Jun-2024 15:54:11 pm] Search_POM.enterDataToField:(243) - Data to Question is entered successfully
[INFO ][27-Jun-2024 15:54:19 pm] Search_POM.verifyErrorText:(187) - Error message is displayed with text : Invalid email ID
[INFO ][27-Jun-2024 15:54:24 pm] Search_POM.verifyScreen:(61) - Ask a Question: Screen is displayed successfully
[INFO ][27-Jun-2024 15:54:26 pm] SeleniumWrapper.enterText:(201) - Entering Text :Abhi in WebElement :[[ChromeDriver: chrome on WINDOWS (608f6bbd0227d4147b7976df5124e41c)] -> xpath: //label[text()='First name']//..//input]
[INFO ][27-Jun-2024 15:54:28 pm] Search_POM.enterDataToField:(243) - Data to First name is entered successfully
[INFO ][27-Jun-2024 15:54:30 pm] SeleniumWrapper.enterText:(201) - Entering Text :L in WebElement :[[ChromeDriver: chrome on WINDOWS (608f6bbd0227d4147b7976df5124e41c)] -> xpath: //label[text()='Last name']//..//input]
[INFO ][27-Jun-2024 15:54:32 pm] Search_POM.enterDataToField:(243) - Data to Last name is entered successfully
[INFO ][27-Jun-2024 15:54:34 pm] SeleniumWrapper.enterText:(201) - Entering Text :abhishekl@softclouds.com in WebElement :[[ChromeDriver: chrome on WINDOWS (608f6bbd0227d4147b7976df5124e41c)] -> xpath: //label[text()='Email address']//..//input]
[INFO ][27-Jun-2024 15:54:36 pm] Search_POM.enterDataToField:(243) - Data to Email address is entered successfully
[INFO ][27-Jun-2024 15:54:38 pm] SeleniumWrapper.enterText:(201) - Entering Text :Data crawling in WebElement :[[ChromeDriver: chrome on WINDOWS (608f6bbd0227d4147b7976df5124e41c)] -> xpath: //label[text()='Subject ']//..//input]
[INFO ][27-Jun-2024 15:54:40 pm] Search_POM.enterDataToField:(243) - Data to Subject is entered successfully
[INFO ][27-Jun-2024 15:54:44 pm] SeleniumWrapper.enterText:(201) - Entering Text :Data crawling from Slack in WebElement :[[ChromeDriver: chrome on WINDOWS (608f6bbd0227d4147b7976df5124e41c)] -> xpath: //label[text()='Question ']//..//textarea]
[INFO ][27-Jun-2024 15:54:46 pm] Search_POM.enterDataToField:(243) - Data to Question is entered successfully
