[INFO ][06-Jul-2024 16:36:28 pm] SeleniumWrapper.openBrowser:(278) - Opening chrome browser.
[INFO ][06-Jul-2024 16:36:39 pm] SeleniumWrapper.enterURL:(33) - Entering url :https://demo.kapturekm.com/ksearch
[INFO ][06-Jul-2024 16:36:40 pm] ApplicationWrapper.launchURL:(12) - Application launched successfully
[INFO ][06-Jul-2024 16:36:46 pm] Search_POM.verifyScreen:(61) - Ask a Question: Screen is displayed successfully
[INFO ][06-Jul-2024 16:36:49 pm] Search_POM.verifyFields:(167) - First name : field is displayed in Ask a Question Screen
[INFO ][06-Jul-2024 16:36:53 pm] Search_POM.verifyFields:(167) - Last name : field is displayed in Ask a Question Screen
[INFO ][06-Jul-2024 16:36:56 pm] Search_POM.verifyFields:(167) - Email address : field is displayed in Ask a Question Screen
[INFO ][06-Jul-2024 16:37:00 pm] Search_POM.verifyFields:(167) - Subject : field is displayed in Ask a Question Screen
[INFO ][06-Jul-2024 16:37:05 pm] Search_POM.verifyFields:(167) - Question : field is displayed in Ask a Question Screen
[INFO ][06-Jul-2024 16:37:09 pm] Search_POM.verifyFields:(167) - Account : field is displayed in Ask a Question Screen
[INFO ][06-Jul-2024 16:37:12 pm] Search_POM.verifyButton:(95) - Choose File : button is displayed in Ask a Question Screen
[INFO ][06-Jul-2024 16:37:15 pm] Search_POM.verifyButton:(95) - Submit Your Question : button is displayed in Ask a Question Screen
[INFO ][06-Jul-2024 16:37:23 pm] Search_POM.verifyScreen:(61) - Ask a Question: Screen is displayed successfully
[INFO ][06-Jul-2024 16:37:25 pm] SeleniumWrapper.enterText:(201) - Entering Text :Abhishek in WebElement :[[ChromeDriver: chrome on WINDOWS (65c0fc2a2253c6ad416f0333003ec27e)] -> xpath: //label[text()='First name']//..//input]
[INFO ][06-Jul-2024 16:37:27 pm] Search_POM.enterDataToField:(243) - Data to First name is entered successfully
[INFO ][06-Jul-2024 16:37:30 pm] SeleniumWrapper.enterText:(201) - Entering Text :Lingaraju in WebElement :[[ChromeDriver: chrome on WINDOWS (65c0fc2a2253c6ad416f0333003ec27e)] -> xpath: //label[text()='Last name']//..//input]
[INFO ][06-Jul-2024 16:37:32 pm] Search_POM.enterDataToField:(243) - Data to Last name is entered successfully
[INFO ][06-Jul-2024 16:37:34 pm] SeleniumWrapper.enterText:(201) - Entering Text :abhishekl@softclouds.com in WebElement :[[ChromeDriver: chrome on WINDOWS (65c0fc2a2253c6ad416f0333003ec27e)] -> xpath: //label[text()='Email address']//..//input]
[INFO ][06-Jul-2024 16:37:36 pm] Search_POM.enterDataToField:(243) - Data to Email address is entered successfully
[INFO ][06-Jul-2024 16:37:39 pm] SeleniumWrapper.enterText:(201) - Entering Text :Data crawling_879 in WebElement :[[ChromeDriver: chrome on WINDOWS (65c0fc2a2253c6ad416f0333003ec27e)] -> xpath: //label[text()='Subject ']//..//input]
[INFO ][06-Jul-2024 16:37:41 pm] Search_POM.enterDataToField:(243) - Data to Subject is entered successfully
[INFO ][06-Jul-2024 16:37:45 pm] SeleniumWrapper.enterText:(201) - Entering Text :Data crawling steps from Slack in WebElement :[[ChromeDriver: chrome on WINDOWS (65c0fc2a2253c6ad416f0333003ec27e)] -> xpath: //label[text()='Question ']//..//textarea]
[INFO ][06-Jul-2024 16:37:47 pm] Search_POM.enterDataToField:(243) - Data to Question is entered successfully
[INFO ][06-Jul-2024 16:38:00 pm] Search_POM.verifyPopuptext:(205) - Success popup is displayed with case number : CASE0118
[INFO ][06-Jul-2024 16:38:14 pm] Search_POM.verifyScreen:(61) - Ask a Question: Screen is displayed successfully
[INFO ][06-Jul-2024 16:38:16 pm] SeleniumWrapper.enterText:(201) - Entering Text :Lingaraju in WebElement :[[ChromeDriver: chrome on WINDOWS (65c0fc2a2253c6ad416f0333003ec27e)] -> xpath: //label[text()='Last name']//..//input]
[INFO ][06-Jul-2024 16:38:18 pm] Search_POM.enterDataToField:(243) - Data to Last name is entered successfully
[INFO ][06-Jul-2024 16:38:21 pm] SeleniumWrapper.enterText:(201) - Entering Text :abhishekl@softclouds.com in WebElement :[[ChromeDriver: chrome on WINDOWS (65c0fc2a2253c6ad416f0333003ec27e)] -> xpath: //label[text()='Email address']//..//input]
[INFO ][06-Jul-2024 16:38:23 pm] Search_POM.enterDataToField:(243) - Data to Email address is entered successfully
[INFO ][06-Jul-2024 16:38:25 pm] SeleniumWrapper.enterText:(201) - Entering Text :Data crawling in WebElement :[[ChromeDriver: chrome on WINDOWS (65c0fc2a2253c6ad416f0333003ec27e)] -> xpath: //label[text()='Subject ']//..//input]
[INFO ][06-Jul-2024 16:38:27 pm] Search_POM.enterDataToField:(243) - Data to Subject is entered successfully
[INFO ][06-Jul-2024 16:38:31 pm] SeleniumWrapper.enterText:(201) - Entering Text :Data crawling from Slack in WebElement :[[ChromeDriver: chrome on WINDOWS (65c0fc2a2253c6ad416f0333003ec27e)] -> xpath: //label[text()='Question ']//..//textarea]
[INFO ][06-Jul-2024 16:38:33 pm] Search_POM.enterDataToField:(243) - Data to Question is entered successfully
[INFO ][06-Jul-2024 16:38:43 pm] Search_POM.verifyErrorText:(187) - Error message is displayed with text : Please enter first name
[INFO ][06-Jul-2024 16:38:50 pm] Search_POM.verifyScreen:(61) - Ask a Question: Screen is displayed successfully
[INFO ][06-Jul-2024 16:38:53 pm] SeleniumWrapper.enterText:(201) - Entering Text :Abhishek in WebElement :[[ChromeDriver: chrome on WINDOWS (65c0fc2a2253c6ad416f0333003ec27e)] -> xpath: //label[text()='First name']//..//input]
[INFO ][06-Jul-2024 16:38:55 pm] Search_POM.enterDataToField:(243) - Data to First name is entered successfully
[INFO ][06-Jul-2024 16:38:57 pm] SeleniumWrapper.enterText:(201) - Entering Text :abhishekl@softclouds.com in WebElement :[[ChromeDriver: chrome on WINDOWS (65c0fc2a2253c6ad416f0333003ec27e)] -> xpath: //label[text()='Email address']//..//input]
[INFO ][06-Jul-2024 16:38:59 pm] Search_POM.enterDataToField:(243) - Data to Email address is entered successfully
[INFO ][06-Jul-2024 16:39:01 pm] SeleniumWrapper.enterText:(201) - Entering Text :Data crawling in WebElement :[[ChromeDriver: chrome on WINDOWS (65c0fc2a2253c6ad416f0333003ec27e)] -> xpath: //label[text()='Subject ']//..//input]
[INFO ][06-Jul-2024 16:39:03 pm] Search_POM.enterDataToField:(243) - Data to Subject is entered successfully
[INFO ][06-Jul-2024 16:39:08 pm] SeleniumWrapper.enterText:(201) - Entering Text :Data crawling from Slack in WebElement :[[ChromeDriver: chrome on WINDOWS (65c0fc2a2253c6ad416f0333003ec27e)] -> xpath: //label[text()='Question ']//..//textarea]
[INFO ][06-Jul-2024 16:39:10 pm] Search_POM.enterDataToField:(243) - Data to Question is entered successfully
[INFO ][06-Jul-2024 16:39:19 pm] Search_POM.verifyErrorText:(187) - Error message is displayed with text : Please enter last name
[INFO ][06-Jul-2024 16:39:27 pm] Search_POM.verifyScreen:(61) - Ask a Question: Screen is displayed successfully
[INFO ][06-Jul-2024 16:39:30 pm] SeleniumWrapper.enterText:(201) - Entering Text :Abhishek in WebElement :[[ChromeDriver: chrome on WINDOWS (65c0fc2a2253c6ad416f0333003ec27e)] -> xpath: //label[text()='First name']//..//input]
[INFO ][06-Jul-2024 16:39:32 pm] Search_POM.enterDataToField:(243) - Data to First name is entered successfully
[INFO ][06-Jul-2024 16:39:34 pm] SeleniumWrapper.enterText:(201) - Entering Text :Lingaraju in WebElement :[[ChromeDriver: chrome on WINDOWS (65c0fc2a2253c6ad416f0333003ec27e)] -> xpath: //label[text()='Last name']//..//input]
[INFO ][06-Jul-2024 16:39:36 pm] Search_POM.enterDataToField:(243) - Data to Last name is entered successfully
[INFO ][06-Jul-2024 16:39:38 pm] SeleniumWrapper.enterText:(201) - Entering Text :Data crawling in WebElement :[[ChromeDriver: chrome on WINDOWS (65c0fc2a2253c6ad416f0333003ec27e)] -> xpath: //label[text()='Subject ']//..//input]
[INFO ][06-Jul-2024 16:39:40 pm] Search_POM.enterDataToField:(243) - Data to Subject is entered successfully
[INFO ][06-Jul-2024 16:39:45 pm] SeleniumWrapper.enterText:(201) - Entering Text :Data crawling from Slack in WebElement :[[ChromeDriver: chrome on WINDOWS (65c0fc2a2253c6ad416f0333003ec27e)] -> xpath: //label[text()='Question ']//..//textarea]
[INFO ][06-Jul-2024 16:39:47 pm] Search_POM.enterDataToField:(243) - Data to Question is entered successfully
[INFO ][06-Jul-2024 16:39:56 pm] Search_POM.verifyErrorText:(187) - Error message is displayed with text : Please enter email ID
[INFO ][06-Jul-2024 16:40:04 pm] Search_POM.verifyScreen:(61) - Ask a Question: Screen is displayed successfully
[INFO ][06-Jul-2024 16:40:06 pm] SeleniumWrapper.enterText:(201) - Entering Text :Abhishek in WebElement :[[ChromeDriver: chrome on WINDOWS (65c0fc2a2253c6ad416f0333003ec27e)] -> xpath: //label[text()='First name']//..//input]
[INFO ][06-Jul-2024 16:40:08 pm] Search_POM.enterDataToField:(243) - Data to First name is entered successfully
[INFO ][06-Jul-2024 16:40:11 pm] SeleniumWrapper.enterText:(201) - Entering Text :Lingaraju in WebElement :[[ChromeDriver: chrome on WINDOWS (65c0fc2a2253c6ad416f0333003ec27e)] -> xpath: //label[text()='Last name']//..//input]
[INFO ][06-Jul-2024 16:40:13 pm] Search_POM.enterDataToField:(243) - Data to Last name is entered successfully
[INFO ][06-Jul-2024 16:40:15 pm] SeleniumWrapper.enterText:(201) - Entering Text :abhishekl@softclouds.com in WebElement :[[ChromeDriver: chrome on WINDOWS (65c0fc2a2253c6ad416f0333003ec27e)] -> xpath: //label[text()='Email address']//..//input]
[INFO ][06-Jul-2024 16:40:17 pm] Search_POM.enterDataToField:(243) - Data to Email address is entered successfully
[INFO ][06-Jul-2024 16:40:21 pm] SeleniumWrapper.enterText:(201) - Entering Text :Data crawling from Slack in WebElement :[[ChromeDriver: chrome on WINDOWS (65c0fc2a2253c6ad416f0333003ec27e)] -> xpath: //label[text()='Question ']//..//textarea]
[INFO ][06-Jul-2024 16:40:23 pm] Search_POM.enterDataToField:(243) - Data to Question is entered successfully
[INFO ][06-Jul-2024 16:40:33 pm] Search_POM.verifyFields:(167) - Subject : field is displayed in Ask a Question Screen
[INFO ][06-Jul-2024 16:40:41 pm] Search_POM.verifyScreen:(61) - Ask a Question: Screen is displayed successfully
[INFO ][06-Jul-2024 16:40:43 pm] SeleniumWrapper.enterText:(201) - Entering Text :Abhishek in WebElement :[[ChromeDriver: chrome on WINDOWS (65c0fc2a2253c6ad416f0333003ec27e)] -> xpath: //label[text()='First name']//..//input]
[INFO ][06-Jul-2024 16:40:45 pm] Search_POM.enterDataToField:(243) - Data to First name is entered successfully
[INFO ][06-Jul-2024 16:40:47 pm] SeleniumWrapper.enterText:(201) - Entering Text :Lingaraju in WebElement :[[ChromeDriver: chrome on WINDOWS (65c0fc2a2253c6ad416f0333003ec27e)] -> xpath: //label[text()='Last name']//..//input]
[INFO ][06-Jul-2024 16:40:49 pm] Search_POM.enterDataToField:(243) - Data to Last name is entered successfully
[INFO ][06-Jul-2024 16:40:52 pm] SeleniumWrapper.enterText:(201) - Entering Text :abhishekl@softclouds.com in WebElement :[[ChromeDriver: chrome on WINDOWS (65c0fc2a2253c6ad416f0333003ec27e)] -> xpath: //label[text()='Email address']//..//input]
[INFO ][06-Jul-2024 16:40:54 pm] Search_POM.enterDataToField:(243) - Data to Email address is entered successfully
[INFO ][06-Jul-2024 16:40:56 pm] SeleniumWrapper.enterText:(201) - Entering Text :Data crawling in WebElement :[[ChromeDriver: chrome on WINDOWS (65c0fc2a2253c6ad416f0333003ec27e)] -> xpath: //label[text()='Subject ']//..//input]
[INFO ][06-Jul-2024 16:40:58 pm] Search_POM.enterDataToField:(243) - Data to Subject is entered successfully
[INFO ][06-Jul-2024 16:41:10 pm] Search_POM.verifyErrorText:(187) - Error message is displayed with text : Please enter question
[INFO ][06-Jul-2024 16:41:17 pm] Search_POM.verifyScreen:(61) - Ask a Question: Screen is displayed successfully
[INFO ][06-Jul-2024 16:41:20 pm] SeleniumWrapper.enterText:(201) - Entering Text :Abhishek in WebElement :[[ChromeDriver: chrome on WINDOWS (65c0fc2a2253c6ad416f0333003ec27e)] -> xpath: //label[text()='First name']//..//input]
[INFO ][06-Jul-2024 16:41:22 pm] Search_POM.enterDataToField:(243) - Data to First name is entered successfully
[INFO ][06-Jul-2024 16:41:24 pm] SeleniumWrapper.enterText:(201) - Entering Text :Lingaraju in WebElement :[[ChromeDriver: chrome on WINDOWS (65c0fc2a2253c6ad416f0333003ec27e)] -> xpath: //label[text()='Last name']//..//input]
[INFO ][06-Jul-2024 16:41:26 pm] Search_POM.enterDataToField:(243) - Data to Last name is entered successfully
[INFO ][06-Jul-2024 16:41:28 pm] SeleniumWrapper.enterText:(201) - Entering Text :abhishekl@softclouds.com in WebElement :[[ChromeDriver: chrome on WINDOWS (65c0fc2a2253c6ad416f0333003ec27e)] -> xpath: //label[text()='Email address']//..//input]
[INFO ][06-Jul-2024 16:41:30 pm] Search_POM.enterDataToField:(243) - Data to Email address is entered successfully
[INFO ][06-Jul-2024 16:41:33 pm] SeleniumWrapper.enterText:(201) - Entering Text :Data crawling in WebElement :[[ChromeDriver: chrome on WINDOWS (65c0fc2a2253c6ad416f0333003ec27e)] -> xpath: //label[text()='Subject ']//..//input]
[INFO ][06-Jul-2024 16:41:35 pm] Search_POM.enterDataToField:(243) - Data to Subject is entered successfully
[INFO ][06-Jul-2024 16:41:39 pm] SeleniumWrapper.enterText:(201) - Entering Text :Data crawling from Slack in WebElement :[[ChromeDriver: chrome on WINDOWS (65c0fc2a2253c6ad416f0333003ec27e)] -> xpath: //label[text()='Question ']//..//textarea]
[INFO ][06-Jul-2024 16:41:41 pm] Search_POM.enterDataToField:(243) - Data to Question is entered successfully
[INFO ][06-Jul-2024 16:41:46 pm] Search_POM.verifyErrorText:(187) - Error message is displayed with text : Please choose account
[INFO ][06-Jul-2024 16:41:54 pm] Search_POM.verifyScreen:(61) - Ask a Question: Screen is displayed successfully
[INFO ][06-Jul-2024 16:41:56 pm] SeleniumWrapper.enterText:(201) - Entering Text :@12Abhi in WebElement :[[ChromeDriver: chrome on WINDOWS (65c0fc2a2253c6ad416f0333003ec27e)] -> xpath: //label[text()='First name']//..//input]
[INFO ][06-Jul-2024 16:41:58 pm] Search_POM.enterDataToField:(243) - Data to First name is entered successfully
[INFO ][06-Jul-2024 16:42:01 pm] SeleniumWrapper.enterText:(201) - Entering Text :Lingaraju in WebElement :[[ChromeDriver: chrome on WINDOWS (65c0fc2a2253c6ad416f0333003ec27e)] -> xpath: //label[text()='Last name']//..//input]
[INFO ][06-Jul-2024 16:42:03 pm] Search_POM.enterDataToField:(243) - Data to Last name is entered successfully
[INFO ][06-Jul-2024 16:42:05 pm] SeleniumWrapper.enterText:(201) - Entering Text :abhishekl@softclouds.com in WebElement :[[ChromeDriver: chrome on WINDOWS (65c0fc2a2253c6ad416f0333003ec27e)] -> xpath: //label[text()='Email address']//..//input]
[INFO ][06-Jul-2024 16:42:07 pm] Search_POM.enterDataToField:(243) - Data to Email address is entered successfully
[INFO ][06-Jul-2024 16:42:09 pm] SeleniumWrapper.enterText:(201) - Entering Text :Data crawling in WebElement :[[ChromeDriver: chrome on WINDOWS (65c0fc2a2253c6ad416f0333003ec27e)] -> xpath: //label[text()='Subject ']//..//input]
[INFO ][06-Jul-2024 16:42:11 pm] Search_POM.enterDataToField:(243) - Data to Subject is entered successfully
[INFO ][06-Jul-2024 16:42:16 pm] SeleniumWrapper.enterText:(201) - Entering Text :Data crawling from Slack in WebElement :[[ChromeDriver: chrome on WINDOWS (65c0fc2a2253c6ad416f0333003ec27e)] -> xpath: //label[text()='Question ']//..//textarea]
[INFO ][06-Jul-2024 16:42:18 pm] Search_POM.enterDataToField:(243) - Data to Question is entered successfully
[INFO ][06-Jul-2024 16:42:29 pm] Search_POM.verifyErrorText:(187) - Error message is displayed with text : Allows alphabets only
[INFO ][06-Jul-2024 16:42:37 pm] Search_POM.verifyScreen:(61) - Ask a Question: Screen is displayed successfully
[INFO ][06-Jul-2024 16:42:39 pm] SeleniumWrapper.enterText:(201) - Entering Text :Abhi in WebElement :[[ChromeDriver: chrome on WINDOWS (65c0fc2a2253c6ad416f0333003ec27e)] -> xpath: //label[text()='First name']//..//input]
[INFO ][06-Jul-2024 16:42:41 pm] Search_POM.enterDataToField:(243) - Data to First name is entered successfully
[INFO ][06-Jul-2024 16:42:44 pm] SeleniumWrapper.enterText:(201) - Entering Text :!@ in WebElement :[[ChromeDriver: chrome on WINDOWS (65c0fc2a2253c6ad416f0333003ec27e)] -> xpath: //label[text()='Last name']//..//input]
[INFO ][06-Jul-2024 16:42:46 pm] Search_POM.enterDataToField:(243) - Data to Last name is entered successfully
[INFO ][06-Jul-2024 16:42:48 pm] SeleniumWrapper.enterText:(201) - Entering Text :abhishekl@softclouds.com in WebElement :[[ChromeDriver: chrome on WINDOWS (65c0fc2a2253c6ad416f0333003ec27e)] -> xpath: //label[text()='Email address']//..//input]
[INFO ][06-Jul-2024 16:42:50 pm] Search_POM.enterDataToField:(243) - Data to Email address is entered successfully
[INFO ][06-Jul-2024 16:42:52 pm] SeleniumWrapper.enterText:(201) - Entering Text :Data crawling in WebElement :[[ChromeDriver: chrome on WINDOWS (65c0fc2a2253c6ad416f0333003ec27e)] -> xpath: //label[text()='Subject ']//..//input]
[INFO ][06-Jul-2024 16:42:54 pm] Search_POM.enterDataToField:(243) - Data to Subject is entered successfully
[INFO ][06-Jul-2024 16:42:59 pm] SeleniumWrapper.enterText:(201) - Entering Text :Data crawling from Slack in WebElement :[[ChromeDriver: chrome on WINDOWS (65c0fc2a2253c6ad416f0333003ec27e)] -> xpath: //label[text()='Question ']//..//textarea]
[INFO ][06-Jul-2024 16:43:01 pm] Search_POM.enterDataToField:(243) - Data to Question is entered successfully
[INFO ][06-Jul-2024 16:43:12 pm] Search_POM.verifyErrorText:(187) - Error message is displayed with text : Allows alphabets only
[INFO ][06-Jul-2024 16:43:20 pm] Search_POM.verifyScreen:(61) - Ask a Question: Screen is displayed successfully
[INFO ][06-Jul-2024 16:43:22 pm] SeleniumWrapper.enterText:(201) - Entering Text :Abhi in WebElement :[[ChromeDriver: chrome on WINDOWS (65c0fc2a2253c6ad416f0333003ec27e)] -> xpath: //label[text()='First name']//..//input]
[INFO ][06-Jul-2024 16:43:24 pm] Search_POM.enterDataToField:(243) - Data to First name is entered successfully
[INFO ][06-Jul-2024 16:43:26 pm] SeleniumWrapper.enterText:(201) - Entering Text :L in WebElement :[[ChromeDriver: chrome on WINDOWS (65c0fc2a2253c6ad416f0333003ec27e)] -> xpath: //label[text()='Last name']//..//input]
[INFO ][06-Jul-2024 16:43:28 pm] Search_POM.enterDataToField:(243) - Data to Last name is entered successfully
[INFO ][06-Jul-2024 16:43:31 pm] SeleniumWrapper.enterText:(201) - Entering Text :abhishek in WebElement :[[ChromeDriver: chrome on WINDOWS (65c0fc2a2253c6ad416f0333003ec27e)] -> xpath: //label[text()='Email address']//..//input]
[INFO ][06-Jul-2024 16:43:33 pm] Search_POM.enterDataToField:(243) - Data to Email address is entered successfully
[INFO ][06-Jul-2024 16:43:35 pm] SeleniumWrapper.enterText:(201) - Entering Text :Data crawling in WebElement :[[ChromeDriver: chrome on WINDOWS (65c0fc2a2253c6ad416f0333003ec27e)] -> xpath: //label[text()='Subject ']//..//input]
[INFO ][06-Jul-2024 16:43:37 pm] Search_POM.enterDataToField:(243) - Data to Subject is entered successfully
[INFO ][06-Jul-2024 16:43:41 pm] SeleniumWrapper.enterText:(201) - Entering Text :Data crawling from Slack in WebElement :[[ChromeDriver: chrome on WINDOWS (65c0fc2a2253c6ad416f0333003ec27e)] -> xpath: //label[text()='Question ']//..//textarea]
[INFO ][06-Jul-2024 16:43:43 pm] Search_POM.enterDataToField:(243) - Data to Question is entered successfully
[INFO ][06-Jul-2024 16:43:55 pm] Search_POM.verifyErrorText:(187) - Error message is displayed with text : Invalid email ID
[INFO ][06-Jul-2024 16:44:02 pm] Search_POM.verifyScreen:(61) - Ask a Question: Screen is displayed successfully
[INFO ][06-Jul-2024 16:44:05 pm] SeleniumWrapper.enterText:(201) - Entering Text :Abhi in WebElement :[[ChromeDriver: chrome on WINDOWS (65c0fc2a2253c6ad416f0333003ec27e)] -> xpath: //label[text()='First name']//..//input]
[INFO ][06-Jul-2024 16:44:07 pm] Search_POM.enterDataToField:(243) - Data to First name is entered successfully
[INFO ][06-Jul-2024 16:44:09 pm] SeleniumWrapper.enterText:(201) - Entering Text :L in WebElement :[[ChromeDriver: chrome on WINDOWS (65c0fc2a2253c6ad416f0333003ec27e)] -> xpath: //label[text()='Last name']//..//input]
[INFO ][06-Jul-2024 16:44:11 pm] Search_POM.enterDataToField:(243) - Data to Last name is entered successfully
[INFO ][06-Jul-2024 16:44:13 pm] SeleniumWrapper.enterText:(201) - Entering Text :abhishekl@softclouds.com in WebElement :[[ChromeDriver: chrome on WINDOWS (65c0fc2a2253c6ad416f0333003ec27e)] -> xpath: //label[text()='Email address']//..//input]
[INFO ][06-Jul-2024 16:44:15 pm] Search_POM.enterDataToField:(243) - Data to Email address is entered successfully
[INFO ][06-Jul-2024 16:44:18 pm] SeleniumWrapper.enterText:(201) - Entering Text :Data crawling in WebElement :[[ChromeDriver: chrome on WINDOWS (65c0fc2a2253c6ad416f0333003ec27e)] -> xpath: //label[text()='Subject ']//..//input]
[INFO ][06-Jul-2024 16:44:20 pm] Search_POM.enterDataToField:(243) - Data to Subject is entered successfully
[INFO ][06-Jul-2024 16:44:24 pm] SeleniumWrapper.enterText:(201) - Entering Text :Data crawling from Slack in WebElement :[[ChromeDriver: chrome on WINDOWS (65c0fc2a2253c6ad416f0333003ec27e)] -> xpath: //label[text()='Question ']//..//textarea]
[INFO ][06-Jul-2024 16:44:26 pm] Search_POM.enterDataToField:(243) - Data to Question is entered successfully
[INFO ][06-Jul-2024 16:44:39 pm] Search_POM.verifyPopuptext:(210) - Popup is displayed with text Seems like something error occured.
