[INFO ][06-Jul-2024 17:35:39 pm] SeleniumWrapper.openBrowser:(278) - Opening chrome browser.
[INFO ][06-Jul-2024 17:35:51 pm] SeleniumWrapper.enterURL:(33) - Entering url :https://demo.kapturekm.com/ksearch
[INFO ][06-Jul-2024 17:35:52 pm] ApplicationWrapper.launchURL:(12) - Application launched successfully
[INFO ][06-Jul-2024 17:35:58 pm] Search_POM.verifyScreen:(61) - Ask a Question: Screen is displayed successfully
[INFO ][06-Jul-2024 17:36:01 pm] Search_POM.verifyFields:(167) - First name : field is displayed in Ask a Question Screen
[INFO ][06-Jul-2024 17:36:05 pm] Search_POM.verifyFields:(167) - Last name : field is displayed in Ask a Question Screen
[INFO ][06-Jul-2024 17:36:08 pm] Search_POM.verifyFields:(167) - Email address : field is displayed in Ask a Question Screen
[INFO ][06-Jul-2024 17:36:11 pm] Search_POM.verifyFields:(167) - Subject : field is displayed in Ask a Question Screen
[INFO ][06-Jul-2024 17:36:17 pm] Search_POM.verifyFields:(167) - Question : field is displayed in Ask a Question Screen
[INFO ][06-Jul-2024 17:36:21 pm] Search_POM.verifyFields:(167) - Account : field is displayed in Ask a Question Screen
[INFO ][06-Jul-2024 17:36:24 pm] Search_POM.verifyButton:(95) - Choose File : button is displayed in Ask a Question Screen
[INFO ][06-Jul-2024 17:36:27 pm] Search_POM.verifyButton:(95) - Submit Your Question : button is displayed in Ask a Question Screen
[INFO ][06-Jul-2024 17:36:35 pm] Search_POM.verifyScreen:(61) - Ask a Question: Screen is displayed successfully
[INFO ][06-Jul-2024 17:36:37 pm] SeleniumWrapper.enterText:(201) - Entering Text :Abhishek in WebElement :[[ChromeDriver: chrome on WINDOWS (22cb56feb80816ca1eed33d88effd448)] -> xpath: //label[text()='First name']//..//input]
[INFO ][06-Jul-2024 17:36:39 pm] Search_POM.enterDataToField:(243) - Data to First name is entered successfully
[INFO ][06-Jul-2024 17:36:42 pm] SeleniumWrapper.enterText:(201) - Entering Text :Lingaraju in WebElement :[[ChromeDriver: chrome on WINDOWS (22cb56feb80816ca1eed33d88effd448)] -> xpath: //label[text()='Last name']//..//input]
[INFO ][06-Jul-2024 17:36:44 pm] Search_POM.enterDataToField:(243) - Data to Last name is entered successfully
[INFO ][06-Jul-2024 17:36:46 pm] SeleniumWrapper.enterText:(201) - Entering Text :abhishekl@softclouds.com in WebElement :[[ChromeDriver: chrome on WINDOWS (22cb56feb80816ca1eed33d88effd448)] -> xpath: //label[text()='Email address']//..//input]
[INFO ][06-Jul-2024 17:36:48 pm] Search_POM.enterDataToField:(243) - Data to Email address is entered successfully
[INFO ][06-Jul-2024 17:36:51 pm] SeleniumWrapper.enterText:(201) - Entering Text :Data crawling_823 in WebElement :[[ChromeDriver: chrome on WINDOWS (22cb56feb80816ca1eed33d88effd448)] -> xpath: //label[text()='Subject ']//..//input]
[INFO ][06-Jul-2024 17:36:53 pm] Search_POM.enterDataToField:(243) - Data to Subject is entered successfully
[INFO ][06-Jul-2024 17:36:57 pm] SeleniumWrapper.enterText:(201) - Entering Text :Data crawling steps from Slack in WebElement :[[ChromeDriver: chrome on WINDOWS (22cb56feb80816ca1eed33d88effd448)] -> xpath: //label[text()='Question ']//..//textarea]
[INFO ][06-Jul-2024 17:36:59 pm] Search_POM.enterDataToField:(243) - Data to Question is entered successfully
[INFO ][06-Jul-2024 17:37:12 pm] Search_POM.verifyPopuptext:(205) - Success popup is displayed with case number : CASE0122
[INFO ][06-Jul-2024 17:37:25 pm] Search_POM.verifyScreen:(61) - Ask a Question: Screen is displayed successfully
[INFO ][06-Jul-2024 17:37:28 pm] SeleniumWrapper.enterText:(201) - Entering Text :Lingaraju in WebElement :[[ChromeDriver: chrome on WINDOWS (22cb56feb80816ca1eed33d88effd448)] -> xpath: //label[text()='Last name']//..//input]
[INFO ][06-Jul-2024 17:37:30 pm] Search_POM.enterDataToField:(243) - Data to Last name is entered successfully
[INFO ][06-Jul-2024 17:37:32 pm] SeleniumWrapper.enterText:(201) - Entering Text :abhishekl@softclouds.com in WebElement :[[ChromeDriver: chrome on WINDOWS (22cb56feb80816ca1eed33d88effd448)] -> xpath: //label[text()='Email address']//..//input]
[INFO ][06-Jul-2024 17:37:34 pm] Search_POM.enterDataToField:(243) - Data to Email address is entered successfully
[INFO ][06-Jul-2024 17:37:36 pm] SeleniumWrapper.enterText:(201) - Entering Text :Data crawling in WebElement :[[ChromeDriver: chrome on WINDOWS (22cb56feb80816ca1eed33d88effd448)] -> xpath: //label[text()='Subject ']//..//input]
[INFO ][06-Jul-2024 17:37:38 pm] Search_POM.enterDataToField:(243) - Data to Subject is entered successfully
[INFO ][06-Jul-2024 17:37:43 pm] SeleniumWrapper.enterText:(201) - Entering Text :Data crawling from Slack in WebElement :[[ChromeDriver: chrome on WINDOWS (22cb56feb80816ca1eed33d88effd448)] -> xpath: //label[text()='Question ']//..//textarea]
[INFO ][06-Jul-2024 17:37:45 pm] Search_POM.enterDataToField:(243) - Data to Question is entered successfully
[INFO ][06-Jul-2024 17:37:54 pm] Search_POM.verifyErrorText:(187) - Error message is displayed with text : Please enter first name
[INFO ][06-Jul-2024 17:38:02 pm] Search_POM.verifyScreen:(61) - Ask a Question: Screen is displayed successfully
[INFO ][06-Jul-2024 17:38:04 pm] SeleniumWrapper.enterText:(201) - Entering Text :Abhishek in WebElement :[[ChromeDriver: chrome on WINDOWS (22cb56feb80816ca1eed33d88effd448)] -> xpath: //label[text()='First name']//..//input]
[INFO ][06-Jul-2024 17:38:06 pm] Search_POM.enterDataToField:(243) - Data to First name is entered successfully
[INFO ][06-Jul-2024 17:38:09 pm] SeleniumWrapper.enterText:(201) - Entering Text :abhishekl@softclouds.com in WebElement :[[ChromeDriver: chrome on WINDOWS (22cb56feb80816ca1eed33d88effd448)] -> xpath: //label[text()='Email address']//..//input]
[INFO ][06-Jul-2024 17:38:11 pm] Search_POM.enterDataToField:(243) - Data to Email address is entered successfully
[INFO ][06-Jul-2024 17:38:13 pm] SeleniumWrapper.enterText:(201) - Entering Text :Data crawling in WebElement :[[ChromeDriver: chrome on WINDOWS (22cb56feb80816ca1eed33d88effd448)] -> xpath: //label[text()='Subject ']//..//input]
[INFO ][06-Jul-2024 17:38:15 pm] Search_POM.enterDataToField:(243) - Data to Subject is entered successfully
[INFO ][06-Jul-2024 17:38:19 pm] SeleniumWrapper.enterText:(201) - Entering Text :Data crawling from Slack in WebElement :[[ChromeDriver: chrome on WINDOWS (22cb56feb80816ca1eed33d88effd448)] -> xpath: //label[text()='Question ']//..//textarea]
[INFO ][06-Jul-2024 17:38:21 pm] Search_POM.enterDataToField:(243) - Data to Question is entered successfully
[INFO ][06-Jul-2024 17:38:31 pm] Search_POM.verifyErrorText:(187) - Error message is displayed with text : Please enter last name
[INFO ][06-Jul-2024 17:38:39 pm] Search_POM.verifyScreen:(61) - Ask a Question: Screen is displayed successfully
[INFO ][06-Jul-2024 17:38:41 pm] SeleniumWrapper.enterText:(201) - Entering Text :Abhishek in WebElement :[[ChromeDriver: chrome on WINDOWS (22cb56feb80816ca1eed33d88effd448)] -> xpath: //label[text()='First name']//..//input]
[INFO ][06-Jul-2024 17:38:43 pm] Search_POM.enterDataToField:(243) - Data to First name is entered successfully
[INFO ][06-Jul-2024 17:38:46 pm] SeleniumWrapper.enterText:(201) - Entering Text :Lingaraju in WebElement :[[ChromeDriver: chrome on WINDOWS (22cb56feb80816ca1eed33d88effd448)] -> xpath: //label[text()='Last name']//..//input]
[INFO ][06-Jul-2024 17:38:48 pm] Search_POM.enterDataToField:(243) - Data to Last name is entered successfully
[INFO ][06-Jul-2024 17:38:50 pm] SeleniumWrapper.enterText:(201) - Entering Text :Data crawling in WebElement :[[ChromeDriver: chrome on WINDOWS (22cb56feb80816ca1eed33d88effd448)] -> xpath: //label[text()='Subject ']//..//input]
[INFO ][06-Jul-2024 17:38:52 pm] Search_POM.enterDataToField:(243) - Data to Subject is entered successfully
[INFO ][06-Jul-2024 17:38:56 pm] SeleniumWrapper.enterText:(201) - Entering Text :Data crawling from Slack in WebElement :[[ChromeDriver: chrome on WINDOWS (22cb56feb80816ca1eed33d88effd448)] -> xpath: //label[text()='Question ']//..//textarea]
[INFO ][06-Jul-2024 17:38:58 pm] Search_POM.enterDataToField:(243) - Data to Question is entered successfully
[INFO ][06-Jul-2024 17:39:08 pm] Search_POM.verifyErrorText:(187) - Error message is displayed with text : Please enter email ID
[INFO ][06-Jul-2024 17:39:16 pm] Search_POM.verifyScreen:(61) - Ask a Question: Screen is displayed successfully
[INFO ][06-Jul-2024 17:39:18 pm] SeleniumWrapper.enterText:(201) - Entering Text :Abhishek in WebElement :[[ChromeDriver: chrome on WINDOWS (22cb56feb80816ca1eed33d88effd448)] -> xpath: //label[text()='First name']//..//input]
[INFO ][06-Jul-2024 17:39:20 pm] Search_POM.enterDataToField:(243) - Data to First name is entered successfully
[INFO ][06-Jul-2024 17:39:22 pm] SeleniumWrapper.enterText:(201) - Entering Text :Lingaraju in WebElement :[[ChromeDriver: chrome on WINDOWS (22cb56feb80816ca1eed33d88effd448)] -> xpath: //label[text()='Last name']//..//input]
[INFO ][06-Jul-2024 17:39:24 pm] Search_POM.enterDataToField:(243) - Data to Last name is entered successfully
[INFO ][06-Jul-2024 17:39:27 pm] SeleniumWrapper.enterText:(201) - Entering Text :abhishekl@softclouds.com in WebElement :[[ChromeDriver: chrome on WINDOWS (22cb56feb80816ca1eed33d88effd448)] -> xpath: //label[text()='Email address']//..//input]
[INFO ][06-Jul-2024 17:39:29 pm] Search_POM.enterDataToField:(243) - Data to Email address is entered successfully
[INFO ][06-Jul-2024 17:39:33 pm] SeleniumWrapper.enterText:(201) - Entering Text :Data crawling from Slack in WebElement :[[ChromeDriver: chrome on WINDOWS (22cb56feb80816ca1eed33d88effd448)] -> xpath: //label[text()='Question ']//..//textarea]
[INFO ][06-Jul-2024 17:39:35 pm] Search_POM.enterDataToField:(243) - Data to Question is entered successfully
[INFO ][06-Jul-2024 17:39:45 pm] Search_POM.verifyFields:(167) - Subject : field is displayed in Ask a Question Screen
[INFO ][06-Jul-2024 17:39:53 pm] Search_POM.verifyScreen:(61) - Ask a Question: Screen is displayed successfully
[INFO ][06-Jul-2024 17:39:55 pm] SeleniumWrapper.enterText:(201) - Entering Text :Abhishek in WebElement :[[ChromeDriver: chrome on WINDOWS (22cb56feb80816ca1eed33d88effd448)] -> xpath: //label[text()='First name']//..//input]
[INFO ][06-Jul-2024 17:39:57 pm] Search_POM.enterDataToField:(243) - Data to First name is entered successfully
[INFO ][06-Jul-2024 17:39:59 pm] SeleniumWrapper.enterText:(201) - Entering Text :Lingaraju in WebElement :[[ChromeDriver: chrome on WINDOWS (22cb56feb80816ca1eed33d88effd448)] -> xpath: //label[text()='Last name']//..//input]
[INFO ][06-Jul-2024 17:40:01 pm] Search_POM.enterDataToField:(243) - Data to Last name is entered successfully
[INFO ][06-Jul-2024 17:40:04 pm] SeleniumWrapper.enterText:(201) - Entering Text :abhishekl@softclouds.com in WebElement :[[ChromeDriver: chrome on WINDOWS (22cb56feb80816ca1eed33d88effd448)] -> xpath: //label[text()='Email address']//..//input]
[INFO ][06-Jul-2024 17:40:06 pm] Search_POM.enterDataToField:(243) - Data to Email address is entered successfully
[INFO ][06-Jul-2024 17:40:08 pm] SeleniumWrapper.enterText:(201) - Entering Text :Data crawling in WebElement :[[ChromeDriver: chrome on WINDOWS (22cb56feb80816ca1eed33d88effd448)] -> xpath: //label[text()='Subject ']//..//input]
[INFO ][06-Jul-2024 17:40:10 pm] Search_POM.enterDataToField:(243) - Data to Subject is entered successfully
[INFO ][06-Jul-2024 17:40:22 pm] Search_POM.verifyErrorText:(187) - Error message is displayed with text : Please enter question
[INFO ][06-Jul-2024 17:40:29 pm] Search_POM.verifyScreen:(61) - Ask a Question: Screen is displayed successfully
[INFO ][06-Jul-2024 17:40:32 pm] SeleniumWrapper.enterText:(201) - Entering Text :Abhishek in WebElement :[[ChromeDriver: chrome on WINDOWS (22cb56feb80816ca1eed33d88effd448)] -> xpath: //label[text()='First name']//..//input]
[INFO ][06-Jul-2024 17:40:34 pm] Search_POM.enterDataToField:(243) - Data to First name is entered successfully
[INFO ][06-Jul-2024 17:40:36 pm] SeleniumWrapper.enterText:(201) - Entering Text :Lingaraju in WebElement :[[ChromeDriver: chrome on WINDOWS (22cb56feb80816ca1eed33d88effd448)] -> xpath: //label[text()='Last name']//..//input]
[INFO ][06-Jul-2024 17:40:38 pm] Search_POM.enterDataToField:(243) - Data to Last name is entered successfully
[INFO ][06-Jul-2024 17:40:41 pm] SeleniumWrapper.enterText:(201) - Entering Text :abhishekl@softclouds.com in WebElement :[[ChromeDriver: chrome on WINDOWS (22cb56feb80816ca1eed33d88effd448)] -> xpath: //label[text()='Email address']//..//input]
[INFO ][06-Jul-2024 17:40:43 pm] Search_POM.enterDataToField:(243) - Data to Email address is entered successfully
[INFO ][06-Jul-2024 17:40:45 pm] SeleniumWrapper.enterText:(201) - Entering Text :Data crawling in WebElement :[[ChromeDriver: chrome on WINDOWS (22cb56feb80816ca1eed33d88effd448)] -> xpath: //label[text()='Subject ']//..//input]
[INFO ][06-Jul-2024 17:40:47 pm] Search_POM.enterDataToField:(243) - Data to Subject is entered successfully
[INFO ][06-Jul-2024 17:40:51 pm] SeleniumWrapper.enterText:(201) - Entering Text :Data crawling from Slack in WebElement :[[ChromeDriver: chrome on WINDOWS (22cb56feb80816ca1eed33d88effd448)] -> xpath: //label[text()='Question ']//..//textarea]
[INFO ][06-Jul-2024 17:40:53 pm] Search_POM.enterDataToField:(243) - Data to Question is entered successfully
[INFO ][06-Jul-2024 17:40:59 pm] Search_POM.verifyErrorText:(187) - Error message is displayed with text : Please choose account
[INFO ][06-Jul-2024 17:41:06 pm] Search_POM.verifyScreen:(61) - Ask a Question: Screen is displayed successfully
[INFO ][06-Jul-2024 17:41:09 pm] SeleniumWrapper.enterText:(201) - Entering Text :@12Abhi in WebElement :[[ChromeDriver: chrome on WINDOWS (22cb56feb80816ca1eed33d88effd448)] -> xpath: //label[text()='First name']//..//input]
[INFO ][06-Jul-2024 17:41:11 pm] Search_POM.enterDataToField:(243) - Data to First name is entered successfully
[INFO ][06-Jul-2024 17:41:13 pm] SeleniumWrapper.enterText:(201) - Entering Text :Lingaraju in WebElement :[[ChromeDriver: chrome on WINDOWS (22cb56feb80816ca1eed33d88effd448)] -> xpath: //label[text()='Last name']//..//input]
[INFO ][06-Jul-2024 17:41:15 pm] Search_POM.enterDataToField:(243) - Data to Last name is entered successfully
[INFO ][06-Jul-2024 17:41:18 pm] SeleniumWrapper.enterText:(201) - Entering Text :abhishekl@softclouds.com in WebElement :[[ChromeDriver: chrome on WINDOWS (22cb56feb80816ca1eed33d88effd448)] -> xpath: //label[text()='Email address']//..//input]
[INFO ][06-Jul-2024 17:41:20 pm] Search_POM.enterDataToField:(243) - Data to Email address is entered successfully
[INFO ][06-Jul-2024 17:41:22 pm] SeleniumWrapper.enterText:(201) - Entering Text :Data crawling in WebElement :[[ChromeDriver: chrome on WINDOWS (22cb56feb80816ca1eed33d88effd448)] -> xpath: //label[text()='Subject ']//..//input]
[INFO ][06-Jul-2024 17:41:24 pm] Search_POM.enterDataToField:(243) - Data to Subject is entered successfully
[INFO ][06-Jul-2024 17:41:28 pm] SeleniumWrapper.enterText:(201) - Entering Text :Data crawling from Slack in WebElement :[[ChromeDriver: chrome on WINDOWS (22cb56feb80816ca1eed33d88effd448)] -> xpath: //label[text()='Question ']//..//textarea]
[INFO ][06-Jul-2024 17:41:30 pm] Search_POM.enterDataToField:(243) - Data to Question is entered successfully
[INFO ][06-Jul-2024 17:41:42 pm] Search_POM.verifyErrorText:(187) - Error message is displayed with text : Allows alphabets only
[INFO ][06-Jul-2024 17:41:50 pm] Search_POM.verifyScreen:(61) - Ask a Question: Screen is displayed successfully
[INFO ][06-Jul-2024 17:41:52 pm] SeleniumWrapper.enterText:(201) - Entering Text :Abhi in WebElement :[[ChromeDriver: chrome on WINDOWS (22cb56feb80816ca1eed33d88effd448)] -> xpath: //label[text()='First name']//..//input]
[INFO ][06-Jul-2024 17:41:54 pm] Search_POM.enterDataToField:(243) - Data to First name is entered successfully
[INFO ][06-Jul-2024 17:41:56 pm] SeleniumWrapper.enterText:(201) - Entering Text :!@ in WebElement :[[ChromeDriver: chrome on WINDOWS (22cb56feb80816ca1eed33d88effd448)] -> xpath: //label[text()='Last name']//..//input]
[INFO ][06-Jul-2024 17:41:58 pm] Search_POM.enterDataToField:(243) - Data to Last name is entered successfully
[INFO ][06-Jul-2024 17:42:01 pm] SeleniumWrapper.enterText:(201) - Entering Text :abhishekl@softclouds.com in WebElement :[[ChromeDriver: chrome on WINDOWS (22cb56feb80816ca1eed33d88effd448)] -> xpath: //label[text()='Email address']//..//input]
[INFO ][06-Jul-2024 17:42:03 pm] Search_POM.enterDataToField:(243) - Data to Email address is entered successfully
[INFO ][06-Jul-2024 17:42:05 pm] SeleniumWrapper.enterText:(201) - Entering Text :Data crawling in WebElement :[[ChromeDriver: chrome on WINDOWS (22cb56feb80816ca1eed33d88effd448)] -> xpath: //label[text()='Subject ']//..//input]
[INFO ][06-Jul-2024 17:42:07 pm] Search_POM.enterDataToField:(243) - Data to Subject is entered successfully
[INFO ][06-Jul-2024 17:42:11 pm] SeleniumWrapper.enterText:(201) - Entering Text :Data crawling from Slack in WebElement :[[ChromeDriver: chrome on WINDOWS (22cb56feb80816ca1eed33d88effd448)] -> xpath: //label[text()='Question ']//..//textarea]
[INFO ][06-Jul-2024 17:42:13 pm] Search_POM.enterDataToField:(243) - Data to Question is entered successfully
[INFO ][06-Jul-2024 17:42:25 pm] Search_POM.verifyErrorText:(187) - Error message is displayed with text : Allows alphabets only
[INFO ][06-Jul-2024 17:42:33 pm] Search_POM.verifyScreen:(61) - Ask a Question: Screen is displayed successfully
[INFO ][06-Jul-2024 17:42:35 pm] SeleniumWrapper.enterText:(201) - Entering Text :Abhi in WebElement :[[ChromeDriver: chrome on WINDOWS (22cb56feb80816ca1eed33d88effd448)] -> xpath: //label[text()='First name']//..//input]
[INFO ][06-Jul-2024 17:42:37 pm] Search_POM.enterDataToField:(243) - Data to First name is entered successfully
[INFO ][06-Jul-2024 17:42:39 pm] SeleniumWrapper.enterText:(201) - Entering Text :L in WebElement :[[ChromeDriver: chrome on WINDOWS (22cb56feb80816ca1eed33d88effd448)] -> xpath: //label[text()='Last name']//..//input]
[INFO ][06-Jul-2024 17:42:41 pm] Search_POM.enterDataToField:(243) - Data to Last name is entered successfully
[INFO ][06-Jul-2024 17:42:44 pm] SeleniumWrapper.enterText:(201) - Entering Text :abhishek in WebElement :[[ChromeDriver: chrome on WINDOWS (22cb56feb80816ca1eed33d88effd448)] -> xpath: //label[text()='Email address']//..//input]
[INFO ][06-Jul-2024 17:42:46 pm] Search_POM.enterDataToField:(243) - Data to Email address is entered successfully
[INFO ][06-Jul-2024 17:42:48 pm] SeleniumWrapper.enterText:(201) - Entering Text :Data crawling in WebElement :[[ChromeDriver: chrome on WINDOWS (22cb56feb80816ca1eed33d88effd448)] -> xpath: //label[text()='Subject ']//..//input]
[INFO ][06-Jul-2024 17:42:50 pm] Search_POM.enterDataToField:(243) - Data to Subject is entered successfully
[INFO ][06-Jul-2024 17:42:55 pm] SeleniumWrapper.enterText:(201) - Entering Text :Data crawling from Slack in WebElement :[[ChromeDriver: chrome on WINDOWS (22cb56feb80816ca1eed33d88effd448)] -> xpath: //label[text()='Question ']//..//textarea]
[INFO ][06-Jul-2024 17:42:57 pm] Search_POM.enterDataToField:(243) - Data to Question is entered successfully
[INFO ][06-Jul-2024 17:43:08 pm] Search_POM.verifyErrorText:(187) - Error message is displayed with text : Invalid email ID
[INFO ][06-Jul-2024 17:43:16 pm] Search_POM.verifyScreen:(61) - Ask a Question: Screen is displayed successfully
[INFO ][06-Jul-2024 17:43:18 pm] SeleniumWrapper.enterText:(201) - Entering Text :Abhi in WebElement :[[ChromeDriver: chrome on WINDOWS (22cb56feb80816ca1eed33d88effd448)] -> xpath: //label[text()='First name']//..//input]
[INFO ][06-Jul-2024 17:43:20 pm] Search_POM.enterDataToField:(243) - Data to First name is entered successfully
[INFO ][06-Jul-2024 17:43:22 pm] SeleniumWrapper.enterText:(201) - Entering Text :L in WebElement :[[ChromeDriver: chrome on WINDOWS (22cb56feb80816ca1eed33d88effd448)] -> xpath: //label[text()='Last name']//..//input]
[INFO ][06-Jul-2024 17:43:24 pm] Search_POM.enterDataToField:(243) - Data to Last name is entered successfully
[INFO ][06-Jul-2024 17:43:27 pm] SeleniumWrapper.enterText:(201) - Entering Text :abhishekl@softclouds.com in WebElement :[[ChromeDriver: chrome on WINDOWS (22cb56feb80816ca1eed33d88effd448)] -> xpath: //label[text()='Email address']//..//input]
[INFO ][06-Jul-2024 17:43:29 pm] Search_POM.enterDataToField:(243) - Data to Email address is entered successfully
[INFO ][06-Jul-2024 17:43:31 pm] SeleniumWrapper.enterText:(201) - Entering Text :Data crawling in WebElement :[[ChromeDriver: chrome on WINDOWS (22cb56feb80816ca1eed33d88effd448)] -> xpath: //label[text()='Subject ']//..//input]
[INFO ][06-Jul-2024 17:43:33 pm] Search_POM.enterDataToField:(243) - Data to Subject is entered successfully
[INFO ][06-Jul-2024 17:43:38 pm] SeleniumWrapper.enterText:(201) - Entering Text :Data crawling from Slack in WebElement :[[ChromeDriver: chrome on WINDOWS (22cb56feb80816ca1eed33d88effd448)] -> xpath: //label[text()='Question ']//..//textarea]
[INFO ][06-Jul-2024 17:43:40 pm] Search_POM.enterDataToField:(243) - Data to Question is entered successfully
[INFO ][06-Jul-2024 17:43:52 pm] Search_POM.verifyPopuptext:(210) - Popup is displayed with text Seems like something error occured.
